[0.041s] Invoking command in '/home/maxim/ros2_ws/src/build/my_service_interfaces': CMAKE_PREFIX_PATH=${CMAKE_PREFIX_PATH}:/home/maxim/ros2_ws/install/talker_uint32t:/home/maxim/ros2_ws/install/talker:/home/maxim/ros2_ws/install/my_turtle_controller:/home/maxim/ros2_ws/install/my_service_server:/home/maxim/ros2_ws/install/my_service_client:/home/maxim/ros2_ws/install/listener:/opt/ros/jazzy DEBUGINFOD_URLS=https://debuginfod.ubuntu.com /usr/bin/cmake /home/maxim/ros2_ws/src/my_service_interfaces -DCMAKE_INSTALL_PREFIX=/home/maxim/ros2_ws/src/install/my_service_interfaces
[1.020s] -- The C compiler identification is GNU 13.3.0
[1.020s] -- The CXX compiler identification is GNU 13.3.0
[1.020s] -- Detecting C compiler ABI info
[1.020s] -- Detecting C compiler ABI info - done
[1.020s] -- Check for working C compiler: /usr/bin/cc - skipped
[1.020s] -- Detecting C compile features
[1.020s] -- Detecting C compile features - done
[1.021s] -- Detecting CXX compiler ABI info
[1.021s] -- Detecting CXX compiler ABI info - done
[1.021s] -- Check for working CXX compiler: /usr/bin/c++ - skipped
[1.021s] -- Detecting CXX compile features
[1.021s] -- Detecting CXX compile features - done
[1.021s] -- Found ament_cmake: 2.5.4 (/opt/ros/jazzy/share/ament_cmake/cmake)
[1.021s] -- Found Python3: /usr/bin/python3 (found version "3.12.3") found components: Interpreter 
[1.021s] -- Found rosidl_default_generators: 1.6.0 (/opt/ros/jazzy/share/rosidl_default_generators/cmake)
[1.021s] -- Using all available rosidl_typesupport_c: rosidl_typesupport_fastrtps_c;rosidl_typesupport_introspection_c
[1.021s] -- Using all available rosidl_typesupport_cpp: rosidl_typesupport_fastrtps_cpp;rosidl_typesupport_introspection_cpp
[1.065s] -- Found rosidl_adapter: 4.6.5 (/opt/ros/jazzy/share/rosidl_adapter/cmake)
[1.869s] -- Found ament_cmake_ros: 0.12.0 (/opt/ros/jazzy/share/ament_cmake_ros/cmake)
[2.347s] -- Using all available rosidl_typesupport_c: rosidl_typesupport_fastrtps_c;rosidl_typesupport_introspection_c
[2.935s] -- Using all available rosidl_typesupport_cpp: rosidl_typesupport_fastrtps_cpp;rosidl_typesupport_introspection_cpp
[2.937s] -- Found python_cmake_module: 0.11.1 (/opt/ros/jazzy/share/python_cmake_module/cmake)
[3.097s] -- Found PythonExtra: /usr/bin/python3  
[3.469s] -- Found Python3: /usr/bin/python3 (found version "3.12.3") found components: Interpreter Development NumPy Development.Module Development.Embed 
[3.498s] -- Found ament_lint_auto: 0.17.2 (/opt/ros/jazzy/share/ament_lint_auto/cmake)
[3.510s] -- Added test 'lint_cmake' to check CMake code style
[3.510s] -- Added test 'xmllint' to check XML markup files
[3.511s] -- Configuring done (3.5s)
[3.527s] -- Generating done (0.0s)
[3.532s] -- Build files have been written to: /home/maxim/ros2_ws/src/build/my_service_interfaces
[3.541s] Invoked command in '/home/maxim/ros2_ws/src/build/my_service_interfaces' returned '0': CMAKE_PREFIX_PATH=${CMAKE_PREFIX_PATH}:/home/maxim/ros2_ws/install/talker_uint32t:/home/maxim/ros2_ws/install/talker:/home/maxim/ros2_ws/install/my_turtle_controller:/home/maxim/ros2_ws/install/my_service_server:/home/maxim/ros2_ws/install/my_service_client:/home/maxim/ros2_ws/install/listener:/opt/ros/jazzy DEBUGINFOD_URLS=https://debuginfod.ubuntu.com /usr/bin/cmake /home/maxim/ros2_ws/src/my_service_interfaces -DCMAKE_INSTALL_PREFIX=/home/maxim/ros2_ws/src/install/my_service_interfaces
[3.542s] Invoking command in '/home/maxim/ros2_ws/src/build/my_service_interfaces': CMAKE_PREFIX_PATH=${CMAKE_PREFIX_PATH}:/home/maxim/ros2_ws/install/talker_uint32t:/home/maxim/ros2_ws/install/talker:/home/maxim/ros2_ws/install/my_turtle_controller:/home/maxim/ros2_ws/install/my_service_server:/home/maxim/ros2_ws/install/my_service_client:/home/maxim/ros2_ws/install/listener:/opt/ros/jazzy DEBUGINFOD_URLS=https://debuginfod.ubuntu.com /usr/bin/cmake --build /home/maxim/ros2_ws/src/build/my_service_interfaces -- -j24 -l24
[3.606s] [  2%] [34m[1mGenerating type hashes for ROS interfaces[0m
[3.622s] [  2%] Built target ament_cmake_python_copy_my_service_interfaces
[3.732s] [  2%] Built target my_service_interfaces__rosidl_generator_type_description
[3.748s] running egg_info
[3.748s] creating my_service_interfaces.egg-info
[3.749s] [  5%] [34m[1mGenerating C code for ROS interfaces[0m
[3.756s] writing my_service_interfaces.egg-info/PKG-INFO
[3.756s] writing dependency_links to my_service_interfaces.egg-info/dependency_links.txt
[3.756s] writing top-level names to my_service_interfaces.egg-info/top_level.txt
[3.756s] writing manifest file 'my_service_interfaces.egg-info/SOURCES.txt'
[3.761s] [  8%] [34m[1mGenerating C++ code for ROS interfaces[0m
[3.778s] reading manifest file 'my_service_interfaces.egg-info/SOURCES.txt'
[3.778s] writing manifest file 'my_service_interfaces.egg-info/SOURCES.txt'
[3.803s] [  8%] Built target ament_cmake_python_build_my_service_interfaces_egg
[3.929s] [  8%] Built target my_service_interfaces__cpp
[3.944s] [ 11%] [32mBuilding C object CMakeFiles/my_service_interfaces__rosidl_generator_c.dir/rosidl_generator_c/my_service_interfaces/srv/detail/set_velocity__description.c.o[0m
[3.946s] [ 14%] [32mBuilding C object CMakeFiles/my_service_interfaces__rosidl_generator_c.dir/rosidl_generator_c/my_service_interfaces/srv/detail/set_velocity__functions.c.o[0m
[3.950s] [ 17%] [32mBuilding C object CMakeFiles/my_service_interfaces__rosidl_generator_c.dir/rosidl_generator_c/my_service_interfaces/srv/detail/set_velocity__type_support.c.o[0m
[3.997s] [ 20%] [32m[1mLinking C shared library libmy_service_interfaces__rosidl_generator_c.so[0m
[4.042s] [ 20%] Built target my_service_interfaces__rosidl_generator_c
[4.055s] [ 23%] [34m[1mGenerating C++ introspection for ROS interfaces[0m
[4.059s] [ 26%] [34m[1mGenerating C++ type support dispatch for ROS interfaces[0m
[4.059s] [ 38%] [34m[1mGenerating C++ type support for eProsima Fast-RTPS[0m
[4.059s] [ 38%] [34m[1mGenerating C type support for eProsima Fast-RTPS[0m
[4.059s] [ 38%] [34m[1mGenerating C type support dispatch for ROS interfaces[0m
[4.059s] [ 38%] [34m[1mGenerating C introspection for ROS interfaces[0m
[4.199s] [ 41%] [32mBuilding CXX object CMakeFiles/my_service_interfaces__rosidl_typesupport_cpp.dir/rosidl_typesupport_cpp/my_service_interfaces/srv/set_velocity__type_support.cpp.o[0m
[4.239s] [ 44%] [32mBuilding CXX object CMakeFiles/my_service_interfaces__rosidl_typesupport_fastrtps_cpp.dir/rosidl_typesupport_fastrtps_cpp/my_service_interfaces/srv/detail/dds_fastrtps/set_velocity__type_support.cpp.o[0m
[4.254s] [ 47%] [32mBuilding CXX object CMakeFiles/my_service_interfaces__rosidl_typesupport_fastrtps_c.dir/rosidl_typesupport_fastrtps_c/my_service_interfaces/srv/detail/set_velocity__type_support_c.cpp.o[0m
[4.254s] [ 50%] [32mBuilding CXX object CMakeFiles/my_service_interfaces__rosidl_typesupport_introspection_cpp.dir/rosidl_typesupport_introspection_cpp/my_service_interfaces/srv/detail/set_velocity__type_support.cpp.o[0m
[4.423s] [ 52%] [32m[1mLinking CXX shared library libmy_service_interfaces__rosidl_typesupport_cpp.so[0m
[4.438s] [ 55%] [32mBuilding CXX object CMakeFiles/my_service_interfaces__rosidl_typesupport_c.dir/rosidl_typesupport_c/my_service_interfaces/srv/set_velocity__type_support.cpp.o[0m
[4.480s] [ 58%] [32m[1mLinking CXX shared library libmy_service_interfaces__rosidl_typesupport_introspection_cpp.so[0m
[4.487s] [ 58%] Built target my_service_interfaces__rosidl_typesupport_cpp
[4.491s] [ 61%] [32mBuilding C object CMakeFiles/my_service_interfaces__rosidl_typesupport_introspection_c.dir/rosidl_typesupport_introspection_c/my_service_interfaces/srv/detail/set_velocity__type_support.c.o[0m
[4.499s] [ 64%] [32m[1mLinking CXX shared library libmy_service_interfaces__rosidl_typesupport_c.so[0m
[4.526s] [ 67%] [32m[1mLinking C shared library libmy_service_interfaces__rosidl_typesupport_introspection_c.so[0m
[4.539s] [ 70%] [32m[1mLinking CXX shared library libmy_service_interfaces__rosidl_typesupport_fastrtps_c.so[0m
[4.539s] [ 70%] Built target my_service_interfaces__rosidl_typesupport_introspection_cpp
[4.552s] [ 70%] Built target my_service_interfaces__rosidl_typesupport_c
[4.561s] [ 70%] Built target my_service_interfaces__rosidl_typesupport_introspection_c
[4.572s] [ 73%] [32m[1mLinking CXX shared library libmy_service_interfaces__rosidl_typesupport_fastrtps_cpp.so[0m
[4.596s] [ 73%] Built target my_service_interfaces__rosidl_typesupport_fastrtps_c
[4.641s] [ 73%] Built target my_service_interfaces__rosidl_typesupport_fastrtps_cpp
[4.671s] [ 73%] Built target my_service_interfaces
[4.702s] [ 76%] [34m[1mGenerating Python code for ROS interfaces[0m
[4.973s] [ 76%] Built target my_service_interfaces__py
[5.001s] [ 79%] [32mBuilding C object CMakeFiles/my_service_interfaces__rosidl_generator_py.dir/rosidl_generator_py/my_service_interfaces/srv/_set_velocity_s.c.o[0m
[5.127s] [ 82%] [32m[1mLinking C shared library libmy_service_interfaces__rosidl_generator_py.so[0m
[5.192s] [ 82%] Built target my_service_interfaces__rosidl_generator_py
[5.224s] [ 91%] [32mBuilding C object CMakeFiles/my_service_interfaces_s__rosidl_typesupport_c.dir/rosidl_generator_py/my_service_interfaces/_my_service_interfaces_s.ep.rosidl_typesupport_c.c.o[0m
[5.224s] [ 91%] [32mBuilding C object CMakeFiles/my_service_interfaces_s__rosidl_typesupport_fastrtps_c.dir/rosidl_generator_py/my_service_interfaces/_my_service_interfaces_s.ep.rosidl_typesupport_fastrtps_c.c.o[0m
[5.224s] [ 91%] [32mBuilding C object CMakeFiles/my_service_interfaces_s__rosidl_typesupport_introspection_c.dir/rosidl_generator_py/my_service_interfaces/_my_service_interfaces_s.ep.rosidl_typesupport_introspection_c.c.o[0m
[5.294s] [100%] [32m[1mLinking C shared module rosidl_generator_py/my_service_interfaces/my_service_interfaces_s__rosidl_typesupport_fastrtps_c.so[0m
[5.294s] [100%] [32m[1mLinking C shared module rosidl_generator_py/my_service_interfaces/my_service_interfaces_s__rosidl_typesupport_introspection_c.so[0m
[5.294s] [100%] [32m[1mLinking C shared module rosidl_generator_py/my_service_interfaces/my_service_interfaces_s__rosidl_typesupport_c.so[0m
[5.336s] [100%] Built target my_service_interfaces_s__rosidl_typesupport_c
[5.336s] [100%] Built target my_service_interfaces_s__rosidl_typesupport_introspection_c
[5.337s] [100%] Built target my_service_interfaces_s__rosidl_typesupport_fastrtps_c
[5.347s] Invoked command in '/home/maxim/ros2_ws/src/build/my_service_interfaces' returned '0': CMAKE_PREFIX_PATH=${CMAKE_PREFIX_PATH}:/home/maxim/ros2_ws/install/talker_uint32t:/home/maxim/ros2_ws/install/talker:/home/maxim/ros2_ws/install/my_turtle_controller:/home/maxim/ros2_ws/install/my_service_server:/home/maxim/ros2_ws/install/my_service_client:/home/maxim/ros2_ws/install/listener:/opt/ros/jazzy DEBUGINFOD_URLS=https://debuginfod.ubuntu.com /usr/bin/cmake --build /home/maxim/ros2_ws/src/build/my_service_interfaces -- -j24 -l24
[5.361s] Invoking command in '/home/maxim/ros2_ws/src/build/my_service_interfaces': CMAKE_PREFIX_PATH=${CMAKE_PREFIX_PATH}:/home/maxim/ros2_ws/install/talker_uint32t:/home/maxim/ros2_ws/install/talker:/home/maxim/ros2_ws/install/my_turtle_controller:/home/maxim/ros2_ws/install/my_service_server:/home/maxim/ros2_ws/install/my_service_client:/home/maxim/ros2_ws/install/listener:/opt/ros/jazzy DEBUGINFOD_URLS=https://debuginfod.ubuntu.com /usr/bin/cmake --install /home/maxim/ros2_ws/src/build/my_service_interfaces
[5.368s] -- Install configuration: ""
[5.369s] -- Installing: /home/maxim/ros2_ws/src/install/my_service_interfaces/share/ament_index/resource_index/rosidl_interfaces/my_service_interfaces
[5.369s] -- Installing: /home/maxim/ros2_ws/src/install/my_service_interfaces/share/my_service_interfaces/srv/SetVelocity.json
[5.369s] -- Installing: /home/maxim/ros2_ws/src/install/my_service_interfaces/include/my_service_interfaces/my_service_interfaces
[5.369s] -- Installing: /home/maxim/ros2_ws/src/install/my_service_interfaces/include/my_service_interfaces/my_service_interfaces/msg
[5.369s] -- Installing: /home/maxim/ros2_ws/src/install/my_service_interfaces/include/my_service_interfaces/my_service_interfaces/msg/rosidl_generator_c__visibility_control.h
[5.369s] -- Installing: /home/maxim/ros2_ws/src/install/my_service_interfaces/include/my_service_interfaces/my_service_interfaces/srv
[5.369s] -- Installing: /home/maxim/ros2_ws/src/install/my_service_interfaces/include/my_service_interfaces/my_service_interfaces/srv/set_velocity.h
[5.369s] -- Installing: /home/maxim/ros2_ws/src/install/my_service_interfaces/include/my_service_interfaces/my_service_interfaces/srv/detail
[5.369s] -- Installing: /home/maxim/ros2_ws/src/install/my_service_interfaces/include/my_service_interfaces/my_service_interfaces/srv/detail/set_velocity__struct.h
[5.369s] -- Installing: /home/maxim/ros2_ws/src/install/my_service_interfaces/include/my_service_interfaces/my_service_interfaces/srv/detail/set_velocity__functions.c
[5.370s] -- Installing: /home/maxim/ros2_ws/src/install/my_service_interfaces/include/my_service_interfaces/my_service_interfaces/srv/detail/set_velocity__description.c
[5.370s] -- Installing: /home/maxim/ros2_ws/src/install/my_service_interfaces/include/my_service_interfaces/my_service_interfaces/srv/detail/set_velocity__type_support.c
[5.370s] -- Installing: /home/maxim/ros2_ws/src/install/my_service_interfaces/include/my_service_interfaces/my_service_interfaces/srv/detail/set_velocity__type_support.h
[5.370s] -- Installing: /home/maxim/ros2_ws/src/install/my_service_interfaces/include/my_service_interfaces/my_service_interfaces/srv/detail/set_velocity__functions.h
[5.370s] -- Installing: /home/maxim/ros2_ws/src/install/my_service_interfaces/share/my_service_interfaces/environment/library_path.sh
[5.370s] -- Installing: /home/maxim/ros2_ws/src/install/my_service_interfaces/share/my_service_interfaces/environment/library_path.dsv
[5.370s] -- Installing: /home/maxim/ros2_ws/src/install/my_service_interfaces/lib/libmy_service_interfaces__rosidl_generator_c.so
[5.370s] -- Set non-toolchain portion of runtime path of "/home/maxim/ros2_ws/src/install/my_service_interfaces/lib/libmy_service_interfaces__rosidl_generator_c.so" to ""
[5.370s] -- Up-to-date: /home/maxim/ros2_ws/src/install/my_service_interfaces/include/my_service_interfaces/my_service_interfaces
[5.370s] -- Up-to-date: /home/maxim/ros2_ws/src/install/my_service_interfaces/include/my_service_interfaces/my_service_interfaces/msg
[5.370s] -- Installing: /home/maxim/ros2_ws/src/install/my_service_interfaces/include/my_service_interfaces/my_service_interfaces/msg/rosidl_typesupport_fastrtps_c__visibility_control.h
[5.370s] -- Up-to-date: /home/maxim/ros2_ws/src/install/my_service_interfaces/include/my_service_interfaces/my_service_interfaces/srv
[5.371s] -- Up-to-date: /home/maxim/ros2_ws/src/install/my_service_interfaces/include/my_service_interfaces/my_service_interfaces/srv/detail
[5.371s] -- Installing: /home/maxim/ros2_ws/src/install/my_service_interfaces/include/my_service_interfaces/my_service_interfaces/srv/detail/set_velocity__rosidl_typesupport_fastrtps_c.h
[5.371s] -- Installing: /home/maxim/ros2_ws/src/install/my_service_interfaces/lib/libmy_service_interfaces__rosidl_typesupport_fastrtps_c.so
[5.371s] -- Set non-toolchain portion of runtime path of "/home/maxim/ros2_ws/src/install/my_service_interfaces/lib/libmy_service_interfaces__rosidl_typesupport_fastrtps_c.so" to ""
[5.371s] -- Up-to-date: /home/maxim/ros2_ws/src/install/my_service_interfaces/include/my_service_interfaces/my_service_interfaces
[5.371s] -- Up-to-date: /home/maxim/ros2_ws/src/install/my_service_interfaces/include/my_service_interfaces/my_service_interfaces/msg
[5.371s] -- Installing: /home/maxim/ros2_ws/src/install/my_service_interfaces/include/my_service_interfaces/my_service_interfaces/msg/rosidl_typesupport_introspection_c__visibility_control.h
[5.371s] -- Up-to-date: /home/maxim/ros2_ws/src/install/my_service_interfaces/include/my_service_interfaces/my_service_interfaces/srv
[5.371s] -- Up-to-date: /home/maxim/ros2_ws/src/install/my_service_interfaces/include/my_service_interfaces/my_service_interfaces/srv/detail
[5.371s] -- Installing: /home/maxim/ros2_ws/src/install/my_service_interfaces/include/my_service_interfaces/my_service_interfaces/srv/detail/set_velocity__type_support.c
[5.372s] -- Installing: /home/maxim/ros2_ws/src/install/my_service_interfaces/include/my_service_interfaces/my_service_interfaces/srv/detail/set_velocity__rosidl_typesupport_introspection_c.h
[5.372s] -- Installing: /home/maxim/ros2_ws/src/install/my_service_interfaces/lib/libmy_service_interfaces__rosidl_typesupport_introspection_c.so
[5.372s] -- Set non-toolchain portion of runtime path of "/home/maxim/ros2_ws/src/install/my_service_interfaces/lib/libmy_service_interfaces__rosidl_typesupport_introspection_c.so" to ""
[5.372s] -- Installing: /home/maxim/ros2_ws/src/install/my_service_interfaces/lib/libmy_service_interfaces__rosidl_typesupport_c.so
[5.372s] -- Set non-toolchain portion of runtime path of "/home/maxim/ros2_ws/src/install/my_service_interfaces/lib/libmy_service_interfaces__rosidl_typesupport_c.so" to ""
[5.372s] -- Up-to-date: /home/maxim/ros2_ws/src/install/my_service_interfaces/include/my_service_interfaces/my_service_interfaces
[5.372s] -- Up-to-date: /home/maxim/ros2_ws/src/install/my_service_interfaces/include/my_service_interfaces/my_service_interfaces/msg
[5.372s] -- Installing: /home/maxim/ros2_ws/src/install/my_service_interfaces/include/my_service_interfaces/my_service_interfaces/msg/rosidl_generator_cpp__visibility_control.hpp
[5.372s] -- Up-to-date: /home/maxim/ros2_ws/src/install/my_service_interfaces/include/my_service_interfaces/my_service_interfaces/srv
[5.372s] -- Up-to-date: /home/maxim/ros2_ws/src/install/my_service_interfaces/include/my_service_interfaces/my_service_interfaces/srv/detail
[5.372s] -- Installing: /home/maxim/ros2_ws/src/install/my_service_interfaces/include/my_service_interfaces/my_service_interfaces/srv/detail/set_velocity__type_support.hpp
[5.372s] -- Installing: /home/maxim/ros2_ws/src/install/my_service_interfaces/include/my_service_interfaces/my_service_interfaces/srv/detail/set_velocity__builder.hpp
[5.372s] -- Installing: /home/maxim/ros2_ws/src/install/my_service_interfaces/include/my_service_interfaces/my_service_interfaces/srv/detail/set_velocity__struct.hpp
[5.372s] -- Installing: /home/maxim/ros2_ws/src/install/my_service_interfaces/include/my_service_interfaces/my_service_interfaces/srv/detail/set_velocity__traits.hpp
[5.372s] -- Installing: /home/maxim/ros2_ws/src/install/my_service_interfaces/include/my_service_interfaces/my_service_interfaces/srv/set_velocity.hpp
[5.373s] -- Up-to-date: /home/maxim/ros2_ws/src/install/my_service_interfaces/include/my_service_interfaces/my_service_interfaces
[5.373s] -- Up-to-date: /home/maxim/ros2_ws/src/install/my_service_interfaces/include/my_service_interfaces/my_service_interfaces/msg
[5.373s] -- Installing: /home/maxim/ros2_ws/src/install/my_service_interfaces/include/my_service_interfaces/my_service_interfaces/msg/rosidl_typesupport_fastrtps_cpp__visibility_control.h
[5.373s] -- Up-to-date: /home/maxim/ros2_ws/src/install/my_service_interfaces/include/my_service_interfaces/my_service_interfaces/srv
[5.373s] -- Up-to-date: /home/maxim/ros2_ws/src/install/my_service_interfaces/include/my_service_interfaces/my_service_interfaces/srv/detail
[5.373s] -- Installing: /home/maxim/ros2_ws/src/install/my_service_interfaces/include/my_service_interfaces/my_service_interfaces/srv/detail/dds_fastrtps
[5.373s] -- Installing: /home/maxim/ros2_ws/src/install/my_service_interfaces/include/my_service_interfaces/my_service_interfaces/srv/detail/set_velocity__rosidl_typesupport_fastrtps_cpp.hpp
[5.373s] -- Installing: /home/maxim/ros2_ws/src/install/my_service_interfaces/lib/libmy_service_interfaces__rosidl_typesupport_fastrtps_cpp.so
[5.373s] -- Set non-toolchain portion of runtime path of "/home/maxim/ros2_ws/src/install/my_service_interfaces/lib/libmy_service_interfaces__rosidl_typesupport_fastrtps_cpp.so" to ""
[5.373s] -- Up-to-date: /home/maxim/ros2_ws/src/install/my_service_interfaces/include/my_service_interfaces/my_service_interfaces
[5.373s] -- Up-to-date: /home/maxim/ros2_ws/src/install/my_service_interfaces/include/my_service_interfaces/my_service_interfaces/srv
[5.373s] -- Up-to-date: /home/maxim/ros2_ws/src/install/my_service_interfaces/include/my_service_interfaces/my_service_interfaces/srv/detail
[5.373s] -- Installing: /home/maxim/ros2_ws/src/install/my_service_interfaces/include/my_service_interfaces/my_service_interfaces/srv/detail/set_velocity__type_support.cpp
[5.373s] -- Installing: /home/maxim/ros2_ws/src/install/my_service_interfaces/include/my_service_interfaces/my_service_interfaces/srv/detail/set_velocity__rosidl_typesupport_introspection_cpp.hpp
[5.374s] -- Installing: /home/maxim/ros2_ws/src/install/my_service_interfaces/lib/libmy_service_interfaces__rosidl_typesupport_introspection_cpp.so
[5.374s] -- Set non-toolchain portion of runtime path of "/home/maxim/ros2_ws/src/install/my_service_interfaces/lib/libmy_service_interfaces__rosidl_typesupport_introspection_cpp.so" to ""
[5.374s] -- Installing: /home/maxim/ros2_ws/src/install/my_service_interfaces/lib/libmy_service_interfaces__rosidl_typesupport_cpp.so
[5.374s] -- Set non-toolchain portion of runtime path of "/home/maxim/ros2_ws/src/install/my_service_interfaces/lib/libmy_service_interfaces__rosidl_typesupport_cpp.so" to ""
[5.374s] -- Installing: /home/maxim/ros2_ws/src/install/my_service_interfaces/share/my_service_interfaces/environment/pythonpath.sh
[5.374s] -- Installing: /home/maxim/ros2_ws/src/install/my_service_interfaces/share/my_service_interfaces/environment/pythonpath.dsv
[5.374s] -- Installing: /home/maxim/ros2_ws/src/install/my_service_interfaces/lib/python3.12/site-packages/my_service_interfaces-0.0.0-py3.12.egg-info
[5.374s] -- Installing: /home/maxim/ros2_ws/src/install/my_service_interfaces/lib/python3.12/site-packages/my_service_interfaces-0.0.0-py3.12.egg-info/PKG-INFO
[5.374s] -- Installing: /home/maxim/ros2_ws/src/install/my_service_interfaces/lib/python3.12/site-packages/my_service_interfaces-0.0.0-py3.12.egg-info/top_level.txt
[5.374s] -- Installing: /home/maxim/ros2_ws/src/install/my_service_interfaces/lib/python3.12/site-packages/my_service_interfaces-0.0.0-py3.12.egg-info/SOURCES.txt
[5.374s] -- Installing: /home/maxim/ros2_ws/src/install/my_service_interfaces/lib/python3.12/site-packages/my_service_interfaces-0.0.0-py3.12.egg-info/dependency_links.txt
[5.374s] -- Installing: /home/maxim/ros2_ws/src/install/my_service_interfaces/lib/python3.12/site-packages/my_service_interfaces
[5.374s] -- Installing: /home/maxim/ros2_ws/src/install/my_service_interfaces/lib/python3.12/site-packages/my_service_interfaces/_my_service_interfaces_s.ep.rosidl_typesupport_c.c
[5.374s] -- Installing: /home/maxim/ros2_ws/src/install/my_service_interfaces/lib/python3.12/site-packages/my_service_interfaces/my_service_interfaces_s__rosidl_typesupport_c.so
[5.375s] -- Installing: /home/maxim/ros2_ws/src/install/my_service_interfaces/lib/python3.12/site-packages/my_service_interfaces/my_service_interfaces_s__rosidl_typesupport_introspection_c.so
[5.375s] -- Installing: /home/maxim/ros2_ws/src/install/my_service_interfaces/lib/python3.12/site-packages/my_service_interfaces/srv
[5.375s] -- Installing: /home/maxim/ros2_ws/src/install/my_service_interfaces/lib/python3.12/site-packages/my_service_interfaces/srv/_set_velocity_s.c
[5.375s] -- Installing: /home/maxim/ros2_ws/src/install/my_service_interfaces/lib/python3.12/site-packages/my_service_interfaces/srv/_set_velocity.py
[5.375s] -- Installing: /home/maxim/ros2_ws/src/install/my_service_interfaces/lib/python3.12/site-packages/my_service_interfaces/srv/__init__.py
[5.375s] -- Installing: /home/maxim/ros2_ws/src/install/my_service_interfaces/lib/python3.12/site-packages/my_service_interfaces/_my_service_interfaces_s.ep.rosidl_typesupport_fastrtps_c.c
[5.375s] -- Installing: /home/maxim/ros2_ws/src/install/my_service_interfaces/lib/python3.12/site-packages/my_service_interfaces/_my_service_interfaces_s.ep.rosidl_typesupport_introspection_c.c
[5.375s] -- Installing: /home/maxim/ros2_ws/src/install/my_service_interfaces/lib/python3.12/site-packages/my_service_interfaces/__init__.py
[5.375s] -- Installing: /home/maxim/ros2_ws/src/install/my_service_interfaces/lib/python3.12/site-packages/my_service_interfaces/my_service_interfaces_s__rosidl_typesupport_fastrtps_c.so
[5.402s] Listing '/home/maxim/ros2_ws/src/install/my_service_interfaces/lib/python3.12/site-packages/my_service_interfaces'...
[5.402s] Compiling '/home/maxim/ros2_ws/src/install/my_service_interfaces/lib/python3.12/site-packages/my_service_interfaces/__init__.py'...
[5.402s] Listing '/home/maxim/ros2_ws/src/install/my_service_interfaces/lib/python3.12/site-packages/my_service_interfaces/srv'...
[5.402s] Compiling '/home/maxim/ros2_ws/src/install/my_service_interfaces/lib/python3.12/site-packages/my_service_interfaces/srv/__init__.py'...
[5.402s] Compiling '/home/maxim/ros2_ws/src/install/my_service_interfaces/lib/python3.12/site-packages/my_service_interfaces/srv/_set_velocity.py'...
[5.406s] -- Installing: /home/maxim/ros2_ws/src/install/my_service_interfaces/lib/python3.12/site-packages/my_service_interfaces/my_service_interfaces_s__rosidl_typesupport_fastrtps_c.so
[5.406s] -- Set non-toolchain portion of runtime path of "/home/maxim/ros2_ws/src/install/my_service_interfaces/lib/python3.12/site-packages/my_service_interfaces/my_service_interfaces_s__rosidl_typesupport_fastrtps_c.so" to ""
[5.406s] -- Installing: /home/maxim/ros2_ws/src/install/my_service_interfaces/lib/python3.12/site-packages/my_service_interfaces/my_service_interfaces_s__rosidl_typesupport_introspection_c.so
[5.407s] -- Set non-toolchain portion of runtime path of "/home/maxim/ros2_ws/src/install/my_service_interfaces/lib/python3.12/site-packages/my_service_interfaces/my_service_interfaces_s__rosidl_typesupport_introspection_c.so" to ""
[5.407s] -- Installing: /home/maxim/ros2_ws/src/install/my_service_interfaces/lib/python3.12/site-packages/my_service_interfaces/my_service_interfaces_s__rosidl_typesupport_c.so
[5.407s] -- Set non-toolchain portion of runtime path of "/home/maxim/ros2_ws/src/install/my_service_interfaces/lib/python3.12/site-packages/my_service_interfaces/my_service_interfaces_s__rosidl_typesupport_c.so" to ""
[5.407s] -- Installing: /home/maxim/ros2_ws/src/install/my_service_interfaces/lib/libmy_service_interfaces__rosidl_generator_py.so
[5.407s] -- Set non-toolchain portion of runtime path of "/home/maxim/ros2_ws/src/install/my_service_interfaces/lib/libmy_service_interfaces__rosidl_generator_py.so" to ""
[5.407s] -- Installing: /home/maxim/ros2_ws/src/install/my_service_interfaces/share/my_service_interfaces/srv/SetVelocity.idl
[5.407s] -- Installing: /home/maxim/ros2_ws/src/install/my_service_interfaces/share/my_service_interfaces/srv/SetVelocity.srv
[5.407s] -- Installing: /home/maxim/ros2_ws/src/install/my_service_interfaces/share/ament_index/resource_index/package_run_dependencies/my_service_interfaces
[5.407s] -- Installing: /home/maxim/ros2_ws/src/install/my_service_interfaces/share/ament_index/resource_index/parent_prefix_path/my_service_interfaces
[5.407s] -- Installing: /home/maxim/ros2_ws/src/install/my_service_interfaces/share/my_service_interfaces/environment/ament_prefix_path.sh
[5.407s] -- Installing: /home/maxim/ros2_ws/src/install/my_service_interfaces/share/my_service_interfaces/environment/ament_prefix_path.dsv
[5.408s] -- Installing: /home/maxim/ros2_ws/src/install/my_service_interfaces/share/my_service_interfaces/environment/path.sh
[5.408s] -- Installing: /home/maxim/ros2_ws/src/install/my_service_interfaces/share/my_service_interfaces/environment/path.dsv
[5.408s] -- Installing: /home/maxim/ros2_ws/src/install/my_service_interfaces/share/my_service_interfaces/local_setup.bash
[5.408s] -- Installing: /home/maxim/ros2_ws/src/install/my_service_interfaces/share/my_service_interfaces/local_setup.sh
[5.408s] -- Installing: /home/maxim/ros2_ws/src/install/my_service_interfaces/share/my_service_interfaces/local_setup.zsh
[5.408s] -- Installing: /home/maxim/ros2_ws/src/install/my_service_interfaces/share/my_service_interfaces/local_setup.dsv
[5.408s] -- Installing: /home/maxim/ros2_ws/src/install/my_service_interfaces/share/my_service_interfaces/package.dsv
[5.408s] -- Installing: /home/maxim/ros2_ws/src/install/my_service_interfaces/share/ament_index/resource_index/packages/my_service_interfaces
[5.408s] -- Installing: /home/maxim/ros2_ws/src/install/my_service_interfaces/share/my_service_interfaces/cmake/export_my_service_interfaces__rosidl_generator_cExport.cmake
[5.408s] -- Installing: /home/maxim/ros2_ws/src/install/my_service_interfaces/share/my_service_interfaces/cmake/export_my_service_interfaces__rosidl_generator_cExport-noconfig.cmake
[5.408s] -- Installing: /home/maxim/ros2_ws/src/install/my_service_interfaces/share/my_service_interfaces/cmake/export_my_service_interfaces__rosidl_typesupport_fastrtps_cExport.cmake
[5.408s] -- Installing: /home/maxim/ros2_ws/src/install/my_service_interfaces/share/my_service_interfaces/cmake/export_my_service_interfaces__rosidl_typesupport_fastrtps_cExport-noconfig.cmake
[5.409s] -- Installing: /home/maxim/ros2_ws/src/install/my_service_interfaces/share/my_service_interfaces/cmake/my_service_interfaces__rosidl_typesupport_introspection_cExport.cmake
[5.409s] -- Installing: /home/maxim/ros2_ws/src/install/my_service_interfaces/share/my_service_interfaces/cmake/my_service_interfaces__rosidl_typesupport_introspection_cExport-noconfig.cmake
[5.409s] -- Installing: /home/maxim/ros2_ws/src/install/my_service_interfaces/share/my_service_interfaces/cmake/my_service_interfaces__rosidl_typesupport_cExport.cmake
[5.409s] -- Installing: /home/maxim/ros2_ws/src/install/my_service_interfaces/share/my_service_interfaces/cmake/my_service_interfaces__rosidl_typesupport_cExport-noconfig.cmake
[5.409s] -- Installing: /home/maxim/ros2_ws/src/install/my_service_interfaces/share/my_service_interfaces/cmake/export_my_service_interfaces__rosidl_generator_cppExport.cmake
[5.409s] -- Installing: /home/maxim/ros2_ws/src/install/my_service_interfaces/share/my_service_interfaces/cmake/export_my_service_interfaces__rosidl_typesupport_fastrtps_cppExport.cmake
[5.409s] -- Installing: /home/maxim/ros2_ws/src/install/my_service_interfaces/share/my_service_interfaces/cmake/export_my_service_interfaces__rosidl_typesupport_fastrtps_cppExport-noconfig.cmake
[5.409s] -- Installing: /home/maxim/ros2_ws/src/install/my_service_interfaces/share/my_service_interfaces/cmake/my_service_interfaces__rosidl_typesupport_introspection_cppExport.cmake
[5.409s] -- Installing: /home/maxim/ros2_ws/src/install/my_service_interfaces/share/my_service_interfaces/cmake/my_service_interfaces__rosidl_typesupport_introspection_cppExport-noconfig.cmake
[5.409s] -- Installing: /home/maxim/ros2_ws/src/install/my_service_interfaces/share/my_service_interfaces/cmake/my_service_interfaces__rosidl_typesupport_cppExport.cmake
[5.409s] -- Installing: /home/maxim/ros2_ws/src/install/my_service_interfaces/share/my_service_interfaces/cmake/my_service_interfaces__rosidl_typesupport_cppExport-noconfig.cmake
[5.409s] -- Installing: /home/maxim/ros2_ws/src/install/my_service_interfaces/share/my_service_interfaces/cmake/export_my_service_interfaces__rosidl_generator_pyExport.cmake
[5.409s] -- Installing: /home/maxim/ros2_ws/src/install/my_service_interfaces/share/my_service_interfaces/cmake/export_my_service_interfaces__rosidl_generator_pyExport-noconfig.cmake
[5.409s] -- Installing: /home/maxim/ros2_ws/src/install/my_service_interfaces/share/my_service_interfaces/cmake/rosidl_cmake-extras.cmake
[5.410s] -- Installing: /home/maxim/ros2_ws/src/install/my_service_interfaces/share/my_service_interfaces/cmake/ament_cmake_export_dependencies-extras.cmake
[5.410s] -- Installing: /home/maxim/ros2_ws/src/install/my_service_interfaces/share/my_service_interfaces/cmake/ament_cmake_export_include_directories-extras.cmake
[5.410s] -- Installing: /home/maxim/ros2_ws/src/install/my_service_interfaces/share/my_service_interfaces/cmake/ament_cmake_export_libraries-extras.cmake
[5.410s] -- Installing: /home/maxim/ros2_ws/src/install/my_service_interfaces/share/my_service_interfaces/cmake/ament_cmake_export_targets-extras.cmake
[5.410s] -- Installing: /home/maxim/ros2_ws/src/install/my_service_interfaces/share/my_service_interfaces/cmake/rosidl_cmake_export_typesupport_targets-extras.cmake
[5.410s] -- Installing: /home/maxim/ros2_ws/src/install/my_service_interfaces/share/my_service_interfaces/cmake/rosidl_cmake_export_typesupport_libraries-extras.cmake
[5.410s] -- Installing: /home/maxim/ros2_ws/src/install/my_service_interfaces/share/my_service_interfaces/cmake/my_service_interfacesConfig.cmake
[5.410s] -- Installing: /home/maxim/ros2_ws/src/install/my_service_interfaces/share/my_service_interfaces/cmake/my_service_interfacesConfig-version.cmake
[5.410s] -- Installing: /home/maxim/ros2_ws/src/install/my_service_interfaces/share/my_service_interfaces/package.xml
[5.412s] Invoked command in '/home/maxim/ros2_ws/src/build/my_service_interfaces' returned '0': CMAKE_PREFIX_PATH=${CMAKE_PREFIX_PATH}:/home/maxim/ros2_ws/install/talker_uint32t:/home/maxim/ros2_ws/install/talker:/home/maxim/ros2_ws/install/my_turtle_controller:/home/maxim/ros2_ws/install/my_service_server:/home/maxim/ros2_ws/install/my_service_client:/home/maxim/ros2_ws/install/listener:/opt/ros/jazzy DEBUGINFOD_URLS=https://debuginfod.ubuntu.com /usr/bin/cmake --install /home/maxim/ros2_ws/src/build/my_service_interfaces
