[0.643s] Invoking command in '/home/maxim/ros2_ws/src/snake': DEBUGINFOD_URLS=https://debuginfod.ubuntu.com PYTHONPATH=/home/maxim/ros2_ws/build/snake/prefix_override:/usr/lib/python3/dist-packages/colcon_core/task/python/colcon_distutils_commands:/home/maxim/ros2_ws/install/snake/lib/python3.12/site-packages:${PYTHONPATH} /usr/bin/python3 -W ignore:setup.py install is deprecated -W ignore:easy_install command is deprecated setup.py egg_info --egg-base ../../build/snake build --build-base /home/maxim/ros2_ws/build/snake/build install --record /home/maxim/ros2_ws/build/snake/install.log --single-version-externally-managed install_data
[0.848s] running egg_info
[0.856s] writing ../../build/snake/snake.egg-info/PKG-INFO
[0.856s] writing dependency_links to ../../build/snake/snake.egg-info/dependency_links.txt
[0.856s] writing entry points to ../../build/snake/snake.egg-info/entry_points.txt
[0.856s] writing requirements to ../../build/snake/snake.egg-info/requires.txt
[0.856s] writing top-level names to ../../build/snake/snake.egg-info/top_level.txt
[0.872s] reading manifest file '../../build/snake/snake.egg-info/SOURCES.txt'
[0.873s] writing manifest file '../../build/snake/snake.egg-info/SOURCES.txt'
[0.873s] running build
[0.873s] running build_py
[0.873s] copying snake/moveSnake.py -> /home/maxim/ros2_ws/build/snake/build/lib/snake
[0.873s] running install
[0.876s] running install_lib
[0.883s] copying /home/maxim/ros2_ws/build/snake/build/lib/snake/moveSnake.py -> /home/maxim/ros2_ws/install/snake/lib/python3.12/site-packages/snake
[0.883s] byte-compiling /home/maxim/ros2_ws/install/snake/lib/python3.12/site-packages/snake/moveSnake.py to moveSnake.cpython-312.pyc
[0.884s] running install_data
[0.884s] running install_egg_info
[0.892s] removing '/home/maxim/ros2_ws/install/snake/lib/python3.12/site-packages/snake-0.0.0-py3.12.egg-info' (and everything under it)
[0.892s] Copying ../../build/snake/snake.egg-info to /home/maxim/ros2_ws/install/snake/lib/python3.12/site-packages/snake-0.0.0-py3.12.egg-info
[0.892s] running install_scripts
[0.945s] Installing snake script to /home/maxim/ros2_ws/install/snake/lib/snake
[0.946s] writing list of installed files to '/home/maxim/ros2_ws/build/snake/install.log'
[0.962s] Invoked command in '/home/maxim/ros2_ws/src/snake' returned '0': DEBUGINFOD_URLS=https://debuginfod.ubuntu.com PYTHONPATH=/home/maxim/ros2_ws/build/snake/prefix_override:/usr/lib/python3/dist-packages/colcon_core/task/python/colcon_distutils_commands:/home/maxim/ros2_ws/install/snake/lib/python3.12/site-packages:${PYTHONPATH} /usr/bin/python3 -W ignore:setup.py install is deprecated -W ignore:easy_install command is deprecated setup.py egg_info --egg-base ../../build/snake build --build-base /home/maxim/ros2_ws/build/snake/build install --record /home/maxim/ros2_ws/build/snake/install.log --single-version-externally-managed install_data
