[1.111s] Invoking command in '/home/maxim/ros2_ws/src/listener': DEBUGINFOD_URLS=https://debuginfod.ubuntu.com PYTHONPATH=/home/maxim/ros2_ws/build/listener/prefix_override:/usr/lib/python3/dist-packages/colcon_core/task/python/colcon_distutils_commands:/home/maxim/ros2_ws/install/listener/lib/python3.12/site-packages:${PYTHONPATH} /usr/bin/python3 -W ignore:setup.py install is deprecated -W ignore:easy_install command is deprecated setup.py egg_info --egg-base ../../build/listener build --build-base /home/maxim/ros2_ws/build/listener/build install --record /home/maxim/ros2_ws/build/listener/install.log --single-version-externally-managed install_data
[1.230s] running egg_info
[1.236s] writing ../../build/listener/listener.egg-info/PKG-INFO
[1.237s] writing dependency_links to ../../build/listener/listener.egg-info/dependency_links.txt
[1.237s] writing entry points to ../../build/listener/listener.egg-info/entry_points.txt
[1.237s] writing requirements to ../../build/listener/listener.egg-info/requires.txt
[1.237s] writing top-level names to ../../build/listener/listener.egg-info/top_level.txt
[1.252s] reading manifest file '../../build/listener/listener.egg-info/SOURCES.txt'
[1.252s] writing manifest file '../../build/listener/listener.egg-info/SOURCES.txt'
[1.252s] running build
[1.252s] running build_py
[1.252s] running install
[1.255s] running install_lib
[1.263s] running install_data
[1.263s] running install_egg_info
[1.271s] removing '/home/maxim/ros2_ws/install/listener/lib/python3.12/site-packages/listener-0.0.0-py3.12.egg-info' (and everything under it)
[1.271s] Copying ../../build/listener/listener.egg-info to /home/maxim/ros2_ws/install/listener/lib/python3.12/site-packages/listener-0.0.0-py3.12.egg-info
[1.272s] running install_scripts
[1.328s] Installing listener script to /home/maxim/ros2_ws/install/listener/lib/listener
[1.328s] writing list of installed files to '/home/maxim/ros2_ws/build/listener/install.log'
[1.352s] Invoked command in '/home/maxim/ros2_ws/src/listener' returned '0': DEBUGINFOD_URLS=https://debuginfod.ubuntu.com PYTHONPATH=/home/maxim/ros2_ws/build/listener/prefix_override:/usr/lib/python3/dist-packages/colcon_core/task/python/colcon_distutils_commands:/home/maxim/ros2_ws/install/listener/lib/python3.12/site-packages:${PYTHONPATH} /usr/bin/python3 -W ignore:setup.py install is deprecated -W ignore:easy_install command is deprecated setup.py egg_info --egg-base ../../build/listener build --build-base /home/maxim/ros2_ws/build/listener/build install --record /home/maxim/ros2_ws/build/listener/install.log --single-version-externally-managed install_data
