[0.629s] Invoking command in '/home/maxim/ros2_ws/src/my_service_client': AMENT_PREFIX_PATH=/home/maxim/ros2_ws/install/my_service_interfaces:${AMENT_PREFIX_PATH} CMAKE_PREFIX_PATH=/home/maxim/ros2_ws/install/my_service_interfaces:${CMAKE_PREFIX_PATH} DEBUGINFOD_URLS=https://debuginfod.ubuntu.com LD_LIBRARY_PATH=/home/maxim/ros2_ws/install/my_service_interfaces/lib:${LD_LIBRARY_PATH} PYTHONPATH=/home/maxim/ros2_ws/build/my_service_client/prefix_override:/usr/lib/python3/dist-packages/colcon_core/task/python/colcon_distutils_commands:/home/maxim/ros2_ws/install/my_service_client/lib/python3.12/site-packages:/home/maxim/ros2_ws/install/my_service_interfaces/lib/python3.12/site-packages:${PYTHONPATH} /usr/bin/python3 -W ignore:setup.py install is deprecated -W ignore:easy_install command is deprecated setup.py egg_info --egg-base ../../build/my_service_client build --build-base /home/maxim/ros2_ws/build/my_service_client/build install --record /home/maxim/ros2_ws/build/my_service_client/install.log --single-version-externally-managed install_data
[0.801s] running egg_info
[0.802s] creating ../../build/my_service_client/my_service_client.egg-info
[0.808s] writing ../../build/my_service_client/my_service_client.egg-info/PKG-INFO
[0.809s] writing dependency_links to ../../build/my_service_client/my_service_client.egg-info/dependency_links.txt
[0.809s] writing entry points to ../../build/my_service_client/my_service_client.egg-info/entry_points.txt
[0.809s] writing requirements to ../../build/my_service_client/my_service_client.egg-info/requires.txt
[0.809s] writing top-level names to ../../build/my_service_client/my_service_client.egg-info/top_level.txt
[0.809s] writing manifest file '../../build/my_service_client/my_service_client.egg-info/SOURCES.txt'
[0.823s] reading manifest file '../../build/my_service_client/my_service_client.egg-info/SOURCES.txt'
[0.824s] writing manifest file '../../build/my_service_client/my_service_client.egg-info/SOURCES.txt'
[0.824s] running build
[0.824s] running build_py
[0.824s] creating /home/maxim/ros2_ws/build/my_service_client/build
[0.824s] creating /home/maxim/ros2_ws/build/my_service_client/build/lib
[0.824s] creating /home/maxim/ros2_ws/build/my_service_client/build/lib/my_service_client
[0.824s] copying my_service_client/client_node.py -> /home/maxim/ros2_ws/build/my_service_client/build/lib/my_service_client
[0.824s] copying my_service_client/__init__.py -> /home/maxim/ros2_ws/build/my_service_client/build/lib/my_service_client
[0.824s] running install
[0.827s] running install_lib
[0.834s] creating /home/maxim/ros2_ws/install/my_service_client/lib/python3.12/site-packages/my_service_client
[0.834s] copying /home/maxim/ros2_ws/build/my_service_client/build/lib/my_service_client/client_node.py -> /home/maxim/ros2_ws/install/my_service_client/lib/python3.12/site-packages/my_service_client
[0.834s] copying /home/maxim/ros2_ws/build/my_service_client/build/lib/my_service_client/__init__.py -> /home/maxim/ros2_ws/install/my_service_client/lib/python3.12/site-packages/my_service_client
[0.834s] byte-compiling /home/maxim/ros2_ws/install/my_service_client/lib/python3.12/site-packages/my_service_client/client_node.py to client_node.cpython-312.pyc
[0.834s] byte-compiling /home/maxim/ros2_ws/install/my_service_client/lib/python3.12/site-packages/my_service_client/__init__.py to __init__.cpython-312.pyc
[0.834s] running install_data
[0.835s] creating /home/maxim/ros2_ws/install/my_service_client/share/ament_index
[0.835s] creating /home/maxim/ros2_ws/install/my_service_client/share/ament_index/resource_index
[0.835s] creating /home/maxim/ros2_ws/install/my_service_client/share/ament_index/resource_index/packages
[0.835s] copying resource/my_service_client -> /home/maxim/ros2_ws/install/my_service_client/share/ament_index/resource_index/packages
[0.835s] copying package.xml -> /home/maxim/ros2_ws/install/my_service_client/share/my_service_client
[0.835s] running install_egg_info
[0.842s] Copying ../../build/my_service_client/my_service_client.egg-info to /home/maxim/ros2_ws/install/my_service_client/lib/python3.12/site-packages/my_service_client-0.0.0-py3.12.egg-info
[0.842s] running install_scripts
[0.891s] Installing velocity_client script to /home/maxim/ros2_ws/install/my_service_client/lib/my_service_client
[0.891s] writing list of installed files to '/home/maxim/ros2_ws/build/my_service_client/install.log'
[0.909s] Invoked command in '/home/maxim/ros2_ws/src/my_service_client' returned '0': AMENT_PREFIX_PATH=/home/maxim/ros2_ws/install/my_service_interfaces:${AMENT_PREFIX_PATH} CMAKE_PREFIX_PATH=/home/maxim/ros2_ws/install/my_service_interfaces:${CMAKE_PREFIX_PATH} DEBUGINFOD_URLS=https://debuginfod.ubuntu.com LD_LIBRARY_PATH=/home/maxim/ros2_ws/install/my_service_interfaces/lib:${LD_LIBRARY_PATH} PYTHONPATH=/home/maxim/ros2_ws/build/my_service_client/prefix_override:/usr/lib/python3/dist-packages/colcon_core/task/python/colcon_distutils_commands:/home/maxim/ros2_ws/install/my_service_client/lib/python3.12/site-packages:/home/maxim/ros2_ws/install/my_service_interfaces/lib/python3.12/site-packages:${PYTHONPATH} /usr/bin/python3 -W ignore:setup.py install is deprecated -W ignore:easy_install command is deprecated setup.py egg_info --egg-base ../../build/my_service_client build --build-base /home/maxim/ros2_ws/build/my_service_client/build install --record /home/maxim/ros2_ws/build/my_service_client/install.log --single-version-externally-managed install_data
