[0.597s] Invoking command in '/home/maxim/ros2_ws/src/snake': DEBUGINFOD_URLS=https://debuginfod.ubuntu.com PYTHONPATH=/home/maxim/ros2_ws/build/snake/prefix_override:/usr/lib/python3/dist-packages/colcon_core/task/python/colcon_distutils_commands:/home/maxim/ros2_ws/install/snake/lib/python3.12/site-packages:${PYTHONPATH} /usr/bin/python3 -W ignore:setup.py install is deprecated -W ignore:easy_install command is deprecated setup.py egg_info --egg-base ../../build/snake build --build-base /home/maxim/ros2_ws/build/snake/build install --record /home/maxim/ros2_ws/build/snake/install.log --single-version-externally-managed install_data
[0.734s] running egg_info
[0.740s] writing ../../build/snake/snake.egg-info/PKG-INFO
[0.740s] writing dependency_links to ../../build/snake/snake.egg-info/dependency_links.txt
[0.741s] writing entry points to ../../build/snake/snake.egg-info/entry_points.txt
[0.741s] writing requirements to ../../build/snake/snake.egg-info/requires.txt
[0.741s] writing top-level names to ../../build/snake/snake.egg-info/top_level.txt
[0.754s] reading manifest file '../../build/snake/snake.egg-info/SOURCES.txt'
[0.754s] writing manifest file '../../build/snake/snake.egg-info/SOURCES.txt'
[0.755s] running build
[0.755s] running build_py
[0.755s] copying snake/followerNode.py -> /home/maxim/ros2_ws/build/snake/build/lib/snake
[0.755s] running install
[0.758s] running install_lib
[0.765s] copying /home/maxim/ros2_ws/build/snake/build/lib/snake/followerNode.py -> /home/maxim/ros2_ws/install/snake/lib/python3.12/site-packages/snake
[0.765s] byte-compiling /home/maxim/ros2_ws/install/snake/lib/python3.12/site-packages/snake/followerNode.py to followerNode.cpython-312.pyc
[0.766s] running install_data
[0.766s] running install_egg_info
[0.773s] removing '/home/maxim/ros2_ws/install/snake/lib/python3.12/site-packages/snake-0.0.0-py3.12.egg-info' (and everything under it)
[0.774s] Copying ../../build/snake/snake.egg-info to /home/maxim/ros2_ws/install/snake/lib/python3.12/site-packages/snake-0.0.0-py3.12.egg-info
[0.774s] running install_scripts
[0.826s] Installing follow script to /home/maxim/ros2_ws/install/snake/lib/snake
[0.826s] Installing snake script to /home/maxim/ros2_ws/install/snake/lib/snake
[0.826s] writing list of installed files to '/home/maxim/ros2_ws/build/snake/install.log'
[0.845s] Invoked command in '/home/maxim/ros2_ws/src/snake' returned '0': DEBUGINFOD_URLS=https://debuginfod.ubuntu.com PYTHONPATH=/home/maxim/ros2_ws/build/snake/prefix_override:/usr/lib/python3/dist-packages/colcon_core/task/python/colcon_distutils_commands:/home/maxim/ros2_ws/install/snake/lib/python3.12/site-packages:${PYTHONPATH} /usr/bin/python3 -W ignore:setup.py install is deprecated -W ignore:easy_install command is deprecated setup.py egg_info --egg-base ../../build/snake build --build-base /home/maxim/ros2_ws/build/snake/build install --record /home/maxim/ros2_ws/build/snake/install.log --single-version-externally-managed install_data
