[0.912s] Invoking command in '/home/maxim/ros2_ws/src/listener': DEBUGINFOD_URLS=https://debuginfod.ubuntu.com PYTHONPATH=/home/maxim/ros2_ws/build/listener/prefix_override:/usr/lib/python3/dist-packages/colcon_core/task/python/colcon_distutils_commands:/home/maxim/ros2_ws/install/listener/lib/python3.12/site-packages:${PYTHONPATH} /usr/bin/python3 -W ignore:setup.py install is deprecated -W ignore:easy_install command is deprecated setup.py egg_info --egg-base ../../build/listener build --build-base /home/maxim/ros2_ws/build/listener/build install --record /home/maxim/ros2_ws/build/listener/install.log --single-version-externally-managed install_data
[1.062s] running egg_info
[1.062s] creating ../../build/listener/listener.egg-info
[1.068s] writing ../../build/listener/listener.egg-info/PKG-INFO
[1.069s] writing dependency_links to ../../build/listener/listener.egg-info/dependency_links.txt
[1.069s] writing entry points to ../../build/listener/listener.egg-info/entry_points.txt
[1.069s] writing requirements to ../../build/listener/listener.egg-info/requires.txt
[1.069s] writing top-level names to ../../build/listener/listener.egg-info/top_level.txt
[1.069s] writing manifest file '../../build/listener/listener.egg-info/SOURCES.txt'
[1.082s] reading manifest file '../../build/listener/listener.egg-info/SOURCES.txt'
[1.082s] writing manifest file '../../build/listener/listener.egg-info/SOURCES.txt'
[1.082s] running build
[1.083s] running build_py
[1.083s] creating /home/maxim/ros2_ws/build/listener/build
[1.083s] creating /home/maxim/ros2_ws/build/listener/build/lib
[1.083s] creating /home/maxim/ros2_ws/build/listener/build/lib/listener
[1.083s] copying listener/listener_node.py -> /home/maxim/ros2_ws/build/listener/build/lib/listener
[1.083s] copying listener/__init__.py -> /home/maxim/ros2_ws/build/listener/build/lib/listener
[1.083s] running install
[1.086s] running install_lib
[1.093s] creating /home/maxim/ros2_ws/install/listener/lib/python3.12/site-packages/listener
[1.093s] copying /home/maxim/ros2_ws/build/listener/build/lib/listener/listener_node.py -> /home/maxim/ros2_ws/install/listener/lib/python3.12/site-packages/listener
[1.093s] copying /home/maxim/ros2_ws/build/listener/build/lib/listener/__init__.py -> /home/maxim/ros2_ws/install/listener/lib/python3.12/site-packages/listener
[1.093s] byte-compiling /home/maxim/ros2_ws/install/listener/lib/python3.12/site-packages/listener/listener_node.py to listener_node.cpython-312.pyc
[1.093s] byte-compiling /home/maxim/ros2_ws/install/listener/lib/python3.12/site-packages/listener/__init__.py to __init__.cpython-312.pyc
[1.093s] running install_data
[1.093s] creating /home/maxim/ros2_ws/install/listener/share/ament_index
[1.093s] creating /home/maxim/ros2_ws/install/listener/share/ament_index/resource_index
[1.093s] creating /home/maxim/ros2_ws/install/listener/share/ament_index/resource_index/packages
[1.094s] copying resource/listener -> /home/maxim/ros2_ws/install/listener/share/ament_index/resource_index/packages
[1.094s] copying package.xml -> /home/maxim/ros2_ws/install/listener/share/listener
[1.094s] running install_egg_info
[1.101s] Copying ../../build/listener/listener.egg-info to /home/maxim/ros2_ws/install/listener/lib/python3.12/site-packages/listener-0.0.0-py3.12.egg-info
[1.101s] running install_scripts
[1.154s] Installing listener script to /home/maxim/ros2_ws/install/listener/lib/listener
[1.154s] writing list of installed files to '/home/maxim/ros2_ws/build/listener/install.log'
[1.190s] Invoked command in '/home/maxim/ros2_ws/src/listener' returned '0': DEBUGINFOD_URLS=https://debuginfod.ubuntu.com PYTHONPATH=/home/maxim/ros2_ws/build/listener/prefix_override:/usr/lib/python3/dist-packages/colcon_core/task/python/colcon_distutils_commands:/home/maxim/ros2_ws/install/listener/lib/python3.12/site-packages:${PYTHONPATH} /usr/bin/python3 -W ignore:setup.py install is deprecated -W ignore:easy_install command is deprecated setup.py egg_info --egg-base ../../build/listener build --build-base /home/maxim/ros2_ws/build/listener/build install --record /home/maxim/ros2_ws/build/listener/install.log --single-version-externally-managed install_data
