[0.783s] Invoking command in '/home/maxim/ros2_ws/src/my_service_client': AMENT_PREFIX_PATH=/home/maxim/ros2_ws/install/my_service_interfaces:${AMENT_PREFIX_PATH} CMAKE_PREFIX_PATH=/home/maxim/ros2_ws/install/my_service_interfaces:${CMAKE_PREFIX_PATH} DEBUGINFOD_URLS=https://debuginfod.ubuntu.com LD_LIBRARY_PATH=/home/maxim/ros2_ws/install/my_service_interfaces/lib:${LD_LIBRARY_PATH} PYTHONPATH=/home/maxim/ros2_ws/build/my_service_client/prefix_override:/usr/lib/python3/dist-packages/colcon_core/task/python/colcon_distutils_commands:/home/maxim/ros2_ws/install/my_service_client/lib/python3.12/site-packages:/home/maxim/ros2_ws/install/my_service_interfaces/lib/python3.12/site-packages:${PYTHONPATH} /usr/bin/python3 -W ignore:setup.py install is deprecated -W ignore:easy_install command is deprecated setup.py egg_info --egg-base ../../build/my_service_client build --build-base /home/maxim/ros2_ws/build/my_service_client/build install --record /home/maxim/ros2_ws/build/my_service_client/install.log --single-version-externally-managed install_data
[0.903s] running egg_info
[0.911s] writing ../../build/my_service_client/my_service_client.egg-info/PKG-INFO
[0.911s] writing dependency_links to ../../build/my_service_client/my_service_client.egg-info/dependency_links.txt
[0.911s] writing entry points to ../../build/my_service_client/my_service_client.egg-info/entry_points.txt
[0.911s] writing requirements to ../../build/my_service_client/my_service_client.egg-info/requires.txt
[0.911s] writing top-level names to ../../build/my_service_client/my_service_client.egg-info/top_level.txt
[0.929s] reading manifest file '../../build/my_service_client/my_service_client.egg-info/SOURCES.txt'
[0.930s] writing manifest file '../../build/my_service_client/my_service_client.egg-info/SOURCES.txt'
[0.930s] running build
[0.930s] running build_py
[0.930s] running install
[0.933s] running install_lib
[0.941s] running install_data
[0.941s] running install_egg_info
[0.951s] removing '/home/maxim/ros2_ws/install/my_service_client/lib/python3.12/site-packages/my_service_client-0.0.0-py3.12.egg-info' (and everything under it)
[0.951s] Copying ../../build/my_service_client/my_service_client.egg-info to /home/maxim/ros2_ws/install/my_service_client/lib/python3.12/site-packages/my_service_client-0.0.0-py3.12.egg-info
[0.951s] running install_scripts
[1.009s] Installing velocity_client script to /home/maxim/ros2_ws/install/my_service_client/lib/my_service_client
[1.010s] writing list of installed files to '/home/maxim/ros2_ws/build/my_service_client/install.log'
[1.034s] Invoked command in '/home/maxim/ros2_ws/src/my_service_client' returned '0': AMENT_PREFIX_PATH=/home/maxim/ros2_ws/install/my_service_interfaces:${AMENT_PREFIX_PATH} CMAKE_PREFIX_PATH=/home/maxim/ros2_ws/install/my_service_interfaces:${CMAKE_PREFIX_PATH} DEBUGINFOD_URLS=https://debuginfod.ubuntu.com LD_LIBRARY_PATH=/home/maxim/ros2_ws/install/my_service_interfaces/lib:${LD_LIBRARY_PATH} PYTHONPATH=/home/maxim/ros2_ws/build/my_service_client/prefix_override:/usr/lib/python3/dist-packages/colcon_core/task/python/colcon_distutils_commands:/home/maxim/ros2_ws/install/my_service_client/lib/python3.12/site-packages:/home/maxim/ros2_ws/install/my_service_interfaces/lib/python3.12/site-packages:${PYTHONPATH} /usr/bin/python3 -W ignore:setup.py install is deprecated -W ignore:easy_install command is deprecated setup.py egg_info --egg-base ../../build/my_service_client build --build-base /home/maxim/ros2_ws/build/my_service_client/build install --record /home/maxim/ros2_ws/build/my_service_client/install.log --single-version-externally-managed install_data
