[0.741s] Invoking command in '/home/maxim/ros2_ws/src/listener': DEBUGINFOD_URLS=https://debuginfod.ubuntu.com PYTHONPATH=/home/maxim/ros2_ws/build/listener/prefix_override:/usr/lib/python3/dist-packages/colcon_core/task/python/colcon_distutils_commands:/home/maxim/ros2_ws/install/listener/lib/python3.12/site-packages:${PYTHONPATH} /usr/bin/python3 -W ignore:setup.py install is deprecated -W ignore:easy_install command is deprecated setup.py egg_info --egg-base ../../build/listener build --build-base /home/maxim/ros2_ws/build/listener/build install --record /home/maxim/ros2_ws/build/listener/install.log --single-version-externally-managed install_data
[0.869s] running egg_info
[0.876s] writing ../../build/listener/listener.egg-info/PKG-INFO
[0.876s] writing dependency_links to ../../build/listener/listener.egg-info/dependency_links.txt
[0.876s] writing entry points to ../../build/listener/listener.egg-info/entry_points.txt
[0.876s] writing requirements to ../../build/listener/listener.egg-info/requires.txt
[0.876s] writing top-level names to ../../build/listener/listener.egg-info/top_level.txt
[0.890s] reading manifest file '../../build/listener/listener.egg-info/SOURCES.txt'
[0.891s] writing manifest file '../../build/listener/listener.egg-info/SOURCES.txt'
[0.891s] running build
[0.891s] running build_py
[0.891s] running install
[0.895s] running install_lib
[0.902s] running install_data
[0.902s] running install_egg_info
[0.910s] removing '/home/maxim/ros2_ws/install/listener/lib/python3.12/site-packages/listener-0.0.0-py3.12.egg-info' (and everything under it)
[0.910s] Copying ../../build/listener/listener.egg-info to /home/maxim/ros2_ws/install/listener/lib/python3.12/site-packages/listener-0.0.0-py3.12.egg-info
[0.910s] running install_scripts
[0.961s] Installing listener script to /home/maxim/ros2_ws/install/listener/lib/listener
[0.961s] writing list of installed files to '/home/maxim/ros2_ws/build/listener/install.log'
[0.992s] Invoked command in '/home/maxim/ros2_ws/src/listener' returned '0': DEBUGINFOD_URLS=https://debuginfod.ubuntu.com PYTHONPATH=/home/maxim/ros2_ws/build/listener/prefix_override:/usr/lib/python3/dist-packages/colcon_core/task/python/colcon_distutils_commands:/home/maxim/ros2_ws/install/listener/lib/python3.12/site-packages:${PYTHONPATH} /usr/bin/python3 -W ignore:setup.py install is deprecated -W ignore:easy_install command is deprecated setup.py egg_info --egg-base ../../build/listener build --build-base /home/maxim/ros2_ws/build/listener/build install --record /home/maxim/ros2_ws/build/listener/install.log --single-version-externally-managed install_data
