[1.062s] Invoking command in '/home/maxim/ros2_ws/src/listener': DEBUGINFOD_URLS=https://debuginfod.ubuntu.com PYTHONPATH=/home/maxim/ros2_ws/build/listener/prefix_override:/usr/lib/python3/dist-packages/colcon_core/task/python/colcon_distutils_commands:/home/maxim/ros2_ws/install/listener/lib/python3.12/site-packages:${PYTHONPATH} /usr/bin/python3 -W ignore:setup.py install is deprecated -W ignore:easy_install command is deprecated setup.py egg_info --egg-base ../../build/listener build --build-base /home/maxim/ros2_ws/build/listener/build install --record /home/maxim/ros2_ws/build/listener/install.log --single-version-externally-managed install_data
[1.176s] running egg_info
[1.184s] writing ../../build/listener/listener.egg-info/PKG-INFO
[1.184s] writing dependency_links to ../../build/listener/listener.egg-info/dependency_links.txt
[1.184s] writing entry points to ../../build/listener/listener.egg-info/entry_points.txt
[1.184s] writing requirements to ../../build/listener/listener.egg-info/requires.txt
[1.184s] writing top-level names to ../../build/listener/listener.egg-info/top_level.txt
[1.198s] reading manifest file '../../build/listener/listener.egg-info/SOURCES.txt'
[1.198s] writing manifest file '../../build/listener/listener.egg-info/SOURCES.txt'
[1.198s] running build
[1.198s] running build_py
[1.199s] running install
[1.202s] running install_lib
[1.210s] running install_data
[1.210s] running install_egg_info
[1.218s] removing '/home/maxim/ros2_ws/install/listener/lib/python3.12/site-packages/listener-0.0.0-py3.12.egg-info' (and everything under it)
[1.219s] Copying ../../build/listener/listener.egg-info to /home/maxim/ros2_ws/install/listener/lib/python3.12/site-packages/listener-0.0.0-py3.12.egg-info
[1.219s] running install_scripts
[1.273s] Installing listener script to /home/maxim/ros2_ws/install/listener/lib/listener
[1.273s] writing list of installed files to '/home/maxim/ros2_ws/build/listener/install.log'
[1.305s] Invoked command in '/home/maxim/ros2_ws/src/listener' returned '0': DEBUGINFOD_URLS=https://debuginfod.ubuntu.com PYTHONPATH=/home/maxim/ros2_ws/build/listener/prefix_override:/usr/lib/python3/dist-packages/colcon_core/task/python/colcon_distutils_commands:/home/maxim/ros2_ws/install/listener/lib/python3.12/site-packages:${PYTHONPATH} /usr/bin/python3 -W ignore:setup.py install is deprecated -W ignore:easy_install command is deprecated setup.py egg_info --egg-base ../../build/listener build --build-base /home/maxim/ros2_ws/build/listener/build install --record /home/maxim/ros2_ws/build/listener/install.log --single-version-externally-managed install_data
