[0.819s] Invoking command in '/home/maxim/ros2_ws/src/my_service_server': DEBUGINFOD_URLS=https://debuginfod.ubuntu.com PYTHONPATH=/home/maxim/ros2_ws/build/my_service_server/prefix_override:/usr/lib/python3/dist-packages/colcon_core/task/python/colcon_distutils_commands:/home/maxim/ros2_ws/install/my_service_server/lib/python3.12/site-packages:/home/maxim/ros2_ws/install/my_service_interfaces/lib/python3.12/site-packages:/home/maxim/ros2_ws/install/talker_uint32t/lib/python3.12/site-packages:/home/maxim/ros2_ws/install/talker/lib/python3.12/site-packages:/home/maxim/ros2_ws/install/my_turtle_controller/lib/python3.12/site-packages:/home/maxim/ros2_ws/install/listener/lib/python3.12/site-packages:/opt/ros/jazzy/lib/python3.12/site-packages /usr/bin/python3 -W ignore:setup.py install is deprecated -W ignore:easy_install command is deprecated setup.py egg_info --egg-base ../../build/my_service_server build --build-base /home/maxim/ros2_ws/build/my_service_server/build install --record /home/maxim/ros2_ws/build/my_service_server/install.log --single-version-externally-managed install_data
[1.002s] running egg_info
[1.003s] creating ../../build/my_service_server/my_service_server.egg-info
[1.010s] writing ../../build/my_service_server/my_service_server.egg-info/PKG-INFO
[1.010s] writing dependency_links to ../../build/my_service_server/my_service_server.egg-info/dependency_links.txt
[1.010s] writing entry points to ../../build/my_service_server/my_service_server.egg-info/entry_points.txt
[1.010s] writing requirements to ../../build/my_service_server/my_service_server.egg-info/requires.txt
[1.010s] writing top-level names to ../../build/my_service_server/my_service_server.egg-info/top_level.txt
[1.010s] writing manifest file '../../build/my_service_server/my_service_server.egg-info/SOURCES.txt'
[1.026s] reading manifest file '../../build/my_service_server/my_service_server.egg-info/SOURCES.txt'
[1.026s] writing manifest file '../../build/my_service_server/my_service_server.egg-info/SOURCES.txt'
[1.026s] running build
[1.026s] running build_py
[1.026s] creating /home/maxim/ros2_ws/build/my_service_server/build
[1.026s] creating /home/maxim/ros2_ws/build/my_service_server/build/lib
[1.026s] creating /home/maxim/ros2_ws/build/my_service_server/build/lib/my_service_server
[1.026s] copying my_service_server/server_node.py -> /home/maxim/ros2_ws/build/my_service_server/build/lib/my_service_server
[1.026s] copying my_service_server/__init__.py -> /home/maxim/ros2_ws/build/my_service_server/build/lib/my_service_server
[1.026s] running install
[1.029s] running install_lib
[1.037s] creating /home/maxim/ros2_ws/install/my_service_server/lib/python3.12/site-packages/my_service_server
[1.037s] copying /home/maxim/ros2_ws/build/my_service_server/build/lib/my_service_server/server_node.py -> /home/maxim/ros2_ws/install/my_service_server/lib/python3.12/site-packages/my_service_server
[1.037s] copying /home/maxim/ros2_ws/build/my_service_server/build/lib/my_service_server/__init__.py -> /home/maxim/ros2_ws/install/my_service_server/lib/python3.12/site-packages/my_service_server
[1.037s] byte-compiling /home/maxim/ros2_ws/install/my_service_server/lib/python3.12/site-packages/my_service_server/server_node.py to server_node.cpython-312.pyc
[1.038s] byte-compiling /home/maxim/ros2_ws/install/my_service_server/lib/python3.12/site-packages/my_service_server/__init__.py to __init__.cpython-312.pyc
[1.038s] running install_data
[1.038s] creating /home/maxim/ros2_ws/install/my_service_server/share/ament_index
[1.038s] creating /home/maxim/ros2_ws/install/my_service_server/share/ament_index/resource_index
[1.038s] creating /home/maxim/ros2_ws/install/my_service_server/share/ament_index/resource_index/packages
[1.038s] copying resource/my_service_server -> /home/maxim/ros2_ws/install/my_service_server/share/ament_index/resource_index/packages
[1.038s] copying package.xml -> /home/maxim/ros2_ws/install/my_service_server/share/my_service_server
[1.038s] running install_egg_info
[1.047s] Copying ../../build/my_service_server/my_service_server.egg-info to /home/maxim/ros2_ws/install/my_service_server/lib/python3.12/site-packages/my_service_server-0.0.0-py3.12.egg-info
[1.047s] running install_scripts
[1.103s] Installing velocity_server script to /home/maxim/ros2_ws/install/my_service_server/lib/my_service_server
[1.103s] writing list of installed files to '/home/maxim/ros2_ws/build/my_service_server/install.log'
[1.125s] Invoked command in '/home/maxim/ros2_ws/src/my_service_server' returned '0': DEBUGINFOD_URLS=https://debuginfod.ubuntu.com PYTHONPATH=/home/maxim/ros2_ws/build/my_service_server/prefix_override:/usr/lib/python3/dist-packages/colcon_core/task/python/colcon_distutils_commands:/home/maxim/ros2_ws/install/my_service_server/lib/python3.12/site-packages:/home/maxim/ros2_ws/install/my_service_interfaces/lib/python3.12/site-packages:/home/maxim/ros2_ws/install/talker_uint32t/lib/python3.12/site-packages:/home/maxim/ros2_ws/install/talker/lib/python3.12/site-packages:/home/maxim/ros2_ws/install/my_turtle_controller/lib/python3.12/site-packages:/home/maxim/ros2_ws/install/listener/lib/python3.12/site-packages:/opt/ros/jazzy/lib/python3.12/site-packages /usr/bin/python3 -W ignore:setup.py install is deprecated -W ignore:easy_install command is deprecated setup.py egg_info --egg-base ../../build/my_service_server build --build-base /home/maxim/ros2_ws/build/my_service_server/build install --record /home/maxim/ros2_ws/build/my_service_server/install.log --single-version-externally-managed install_data
