[0.765s] Invoking command in '/home/maxim/ros2_ws/src/talker': DEBUGINFOD_URLS=https://debuginfod.ubuntu.com PYTHONPATH=/home/maxim/ros2_ws/build/talker/prefix_override:/usr/lib/python3/dist-packages/colcon_core/task/python/colcon_distutils_commands:/home/maxim/ros2_ws/install/talker/lib/python3.12/site-packages:${PYTHONPATH} /usr/bin/python3 -W ignore:setup.py install is deprecated -W ignore:easy_install command is deprecated setup.py egg_info --egg-base ../../build/talker build --build-base /home/maxim/ros2_ws/build/talker/build install --record /home/maxim/ros2_ws/build/talker/install.log --single-version-externally-managed install_data
[0.884s] running egg_info
[0.891s] writing ../../build/talker/talker.egg-info/PKG-INFO
[0.891s] writing dependency_links to ../../build/talker/talker.egg-info/dependency_links.txt
[0.892s] writing entry points to ../../build/talker/talker.egg-info/entry_points.txt
[0.892s] writing requirements to ../../build/talker/talker.egg-info/requires.txt
[0.892s] writing top-level names to ../../build/talker/talker.egg-info/top_level.txt
[0.906s] reading manifest file '../../build/talker/talker.egg-info/SOURCES.txt'
[0.906s] writing manifest file '../../build/talker/talker.egg-info/SOURCES.txt'
[0.906s] running build
[0.906s] running build_py
[0.907s] running install
[0.910s] running install_lib
[0.918s] running install_data
[0.918s] running install_egg_info
[0.926s] removing '/home/maxim/ros2_ws/install/talker/lib/python3.12/site-packages/talker-0.0.0-py3.12.egg-info' (and everything under it)
[0.926s] Copying ../../build/talker/talker.egg-info to /home/maxim/ros2_ws/install/talker/lib/python3.12/site-packages/talker-0.0.0-py3.12.egg-info
[0.926s] running install_scripts
[0.991s] Installing talker script to /home/maxim/ros2_ws/install/talker/lib/talker
[0.992s] writing list of installed files to '/home/maxim/ros2_ws/build/talker/install.log'
[1.019s] Invoked command in '/home/maxim/ros2_ws/src/talker' returned '0': DEBUGINFOD_URLS=https://debuginfod.ubuntu.com PYTHONPATH=/home/maxim/ros2_ws/build/talker/prefix_override:/usr/lib/python3/dist-packages/colcon_core/task/python/colcon_distutils_commands:/home/maxim/ros2_ws/install/talker/lib/python3.12/site-packages:${PYTHONPATH} /usr/bin/python3 -W ignore:setup.py install is deprecated -W ignore:easy_install command is deprecated setup.py egg_info --egg-base ../../build/talker build --build-base /home/maxim/ros2_ws/build/talker/build install --record /home/maxim/ros2_ws/build/talker/install.log --single-version-externally-managed install_data
