[1.164s] Invoking command in '/home/maxim/ros2_ws/src/my_turtle_controller': DEBUGINFOD_URLS=https://debuginfod.ubuntu.com PYTHONPATH=/home/maxim/ros2_ws/build/my_turtle_controller/prefix_override:/usr/lib/python3/dist-packages/colcon_core/task/python/colcon_distutils_commands:/home/maxim/ros2_ws/install/my_turtle_controller/lib/python3.12/site-packages:${PYTHONPATH} /usr/bin/python3 -W ignore:setup.py install is deprecated -W ignore:easy_install command is deprecated setup.py egg_info --egg-base ../../build/my_turtle_controller build --build-base /home/maxim/ros2_ws/build/my_turtle_controller/build install --record /home/maxim/ros2_ws/build/my_turtle_controller/install.log --single-version-externally-managed install_data
[1.278s] running egg_info
[1.278s] creating ../../build/my_turtle_controller/my_turtle_controller.egg-info
[1.284s] writing ../../build/my_turtle_controller/my_turtle_controller.egg-info/PKG-INFO
[1.285s] writing dependency_links to ../../build/my_turtle_controller/my_turtle_controller.egg-info/dependency_links.txt
[1.285s] writing entry points to ../../build/my_turtle_controller/my_turtle_controller.egg-info/entry_points.txt
[1.285s] writing requirements to ../../build/my_turtle_controller/my_turtle_controller.egg-info/requires.txt
[1.285s] writing top-level names to ../../build/my_turtle_controller/my_turtle_controller.egg-info/top_level.txt
[1.285s] writing manifest file '../../build/my_turtle_controller/my_turtle_controller.egg-info/SOURCES.txt'
[1.299s] reading manifest file '../../build/my_turtle_controller/my_turtle_controller.egg-info/SOURCES.txt'
[1.299s] writing manifest file '../../build/my_turtle_controller/my_turtle_controller.egg-info/SOURCES.txt'
[1.299s] running build
[1.299s] running build_py
[1.300s] creating /home/maxim/ros2_ws/build/my_turtle_controller/build
[1.300s] creating /home/maxim/ros2_ws/build/my_turtle_controller/build/lib
[1.300s] creating /home/maxim/ros2_ws/build/my_turtle_controller/build/lib/my_turtle_controller
[1.300s] copying my_turtle_controller/turtle_mover.py -> /home/maxim/ros2_ws/build/my_turtle_controller/build/lib/my_turtle_controller
[1.300s] copying my_turtle_controller/__init__.py -> /home/maxim/ros2_ws/build/my_turtle_controller/build/lib/my_turtle_controller
[1.300s] running install
[1.304s] running install_lib
[1.312s] creating /home/maxim/ros2_ws/install/my_turtle_controller/lib/python3.12/site-packages/my_turtle_controller
[1.312s] copying /home/maxim/ros2_ws/build/my_turtle_controller/build/lib/my_turtle_controller/turtle_mover.py -> /home/maxim/ros2_ws/install/my_turtle_controller/lib/python3.12/site-packages/my_turtle_controller
[1.312s] copying /home/maxim/ros2_ws/build/my_turtle_controller/build/lib/my_turtle_controller/__init__.py -> /home/maxim/ros2_ws/install/my_turtle_controller/lib/python3.12/site-packages/my_turtle_controller
[1.313s] byte-compiling /home/maxim/ros2_ws/install/my_turtle_controller/lib/python3.12/site-packages/my_turtle_controller/turtle_mover.py to turtle_mover.cpython-312.pyc
[1.313s] byte-compiling /home/maxim/ros2_ws/install/my_turtle_controller/lib/python3.12/site-packages/my_turtle_controller/__init__.py to __init__.cpython-312.pyc
[1.313s] running install_data
[1.313s] creating /home/maxim/ros2_ws/install/my_turtle_controller/share/ament_index
[1.313s] creating /home/maxim/ros2_ws/install/my_turtle_controller/share/ament_index/resource_index
[1.313s] creating /home/maxim/ros2_ws/install/my_turtle_controller/share/ament_index/resource_index/packages
[1.314s] copying resource/my_turtle_controller -> /home/maxim/ros2_ws/install/my_turtle_controller/share/ament_index/resource_index/packages
[1.314s] copying package.xml -> /home/maxim/ros2_ws/install/my_turtle_controller/share/my_turtle_controller
[1.314s] running install_egg_info
[1.322s] Copying ../../build/my_turtle_controller/my_turtle_controller.egg-info to /home/maxim/ros2_ws/install/my_turtle_controller/lib/python3.12/site-packages/my_turtle_controller-0.0.0-py3.12.egg-info
[1.322s] running install_scripts
[1.373s] Installing turtle_mover script to /home/maxim/ros2_ws/install/my_turtle_controller/lib/my_turtle_controller
[1.374s] writing list of installed files to '/home/maxim/ros2_ws/build/my_turtle_controller/install.log'
[1.401s] Invoked command in '/home/maxim/ros2_ws/src/my_turtle_controller' returned '0': DEBUGINFOD_URLS=https://debuginfod.ubuntu.com PYTHONPATH=/home/maxim/ros2_ws/build/my_turtle_controller/prefix_override:/usr/lib/python3/dist-packages/colcon_core/task/python/colcon_distutils_commands:/home/maxim/ros2_ws/install/my_turtle_controller/lib/python3.12/site-packages:${PYTHONPATH} /usr/bin/python3 -W ignore:setup.py install is deprecated -W ignore:easy_install command is deprecated setup.py egg_info --egg-base ../../build/my_turtle_controller build --build-base /home/maxim/ros2_ws/build/my_turtle_controller/build install --record /home/maxim/ros2_ws/build/my_turtle_controller/install.log --single-version-externally-managed install_data
