[1.481s] Invoking command in '/home/maxim/ros2_ws/src/my_turtle_controller': DEBUGINFOD_URLS=https://debuginfod.ubuntu.com PYTHONPATH=/home/maxim/ros2_ws/build/my_turtle_controller/prefix_override:/usr/lib/python3/dist-packages/colcon_core/task/python/colcon_distutils_commands:/home/maxim/ros2_ws/install/my_turtle_controller/lib/python3.12/site-packages:${PYTHONPATH} /usr/bin/python3 -W ignore:setup.py install is deprecated -W ignore:easy_install command is deprecated setup.py egg_info --egg-base ../../build/my_turtle_controller build --build-base /home/maxim/ros2_ws/build/my_turtle_controller/build install --record /home/maxim/ros2_ws/build/my_turtle_controller/install.log --single-version-externally-managed install_data
[1.787s] running egg_info
[1.792s] writing ../../build/my_turtle_controller/my_turtle_controller.egg-info/PKG-INFO
[1.793s] writing dependency_links to ../../build/my_turtle_controller/my_turtle_controller.egg-info/dependency_links.txt
[1.793s] writing entry points to ../../build/my_turtle_controller/my_turtle_controller.egg-info/entry_points.txt
[1.793s] writing requirements to ../../build/my_turtle_controller/my_turtle_controller.egg-info/requires.txt
[1.793s] writing top-level names to ../../build/my_turtle_controller/my_turtle_controller.egg-info/top_level.txt
[1.808s] reading manifest file '../../build/my_turtle_controller/my_turtle_controller.egg-info/SOURCES.txt'
[1.810s] writing manifest file '../../build/my_turtle_controller/my_turtle_controller.egg-info/SOURCES.txt'
[1.810s] running build
[1.810s] running build_py
[1.810s] copying my_turtle_controller/turtle_pose_follower.py -> /home/maxim/ros2_ws/build/my_turtle_controller/build/lib/my_turtle_controller
[1.811s] running install
[1.814s] running install_lib
[1.822s] copying /home/maxim/ros2_ws/build/my_turtle_controller/build/lib/my_turtle_controller/turtle_pose_follower.py -> /home/maxim/ros2_ws/install/my_turtle_controller/lib/python3.12/site-packages/my_turtle_controller
[1.823s] byte-compiling /home/maxim/ros2_ws/install/my_turtle_controller/lib/python3.12/site-packages/my_turtle_controller/turtle_pose_follower.py to turtle_pose_follower.cpython-312.pyc
[1.823s] running install_data
[1.824s] running install_egg_info
[1.832s] removing '/home/maxim/ros2_ws/install/my_turtle_controller/lib/python3.12/site-packages/my_turtle_controller-0.0.0-py3.12.egg-info' (and everything under it)
[1.832s] Copying ../../build/my_turtle_controller/my_turtle_controller.egg-info to /home/maxim/ros2_ws/install/my_turtle_controller/lib/python3.12/site-packages/my_turtle_controller-0.0.0-py3.12.egg-info
[1.833s] running install_scripts
[1.896s] Installing turtle_figure8 script to /home/maxim/ros2_ws/install/my_turtle_controller/lib/my_turtle_controller
[1.896s] Installing turtle_mover script to /home/maxim/ros2_ws/install/my_turtle_controller/lib/my_turtle_controller
[1.896s] Installing turtle_pose_follower script to /home/maxim/ros2_ws/install/my_turtle_controller/lib/my_turtle_controller
[1.896s] writing list of installed files to '/home/maxim/ros2_ws/build/my_turtle_controller/install.log'
[1.924s] Invoked command in '/home/maxim/ros2_ws/src/my_turtle_controller' returned '0': DEBUGINFOD_URLS=https://debuginfod.ubuntu.com PYTHONPATH=/home/maxim/ros2_ws/build/my_turtle_controller/prefix_override:/usr/lib/python3/dist-packages/colcon_core/task/python/colcon_distutils_commands:/home/maxim/ros2_ws/install/my_turtle_controller/lib/python3.12/site-packages:${PYTHONPATH} /usr/bin/python3 -W ignore:setup.py install is deprecated -W ignore:easy_install command is deprecated setup.py egg_info --egg-base ../../build/my_turtle_controller build --build-base /home/maxim/ros2_ws/build/my_turtle_controller/build install --record /home/maxim/ros2_ws/build/my_turtle_controller/install.log --single-version-externally-managed install_data
