running egg_info
writing build/talker_uint32t/talker_uint32t.egg-info/PKG-INFO
writing dependency_links to build/talker_uint32t/talker_uint32t.egg-info/dependency_links.txt
writing entry points to build/talker_uint32t/talker_uint32t.egg-info/entry_points.txt
writing requirements to build/talker_uint32t/talker_uint32t.egg-info/requires.txt
writing top-level names to build/talker_uint32t/talker_uint32t.egg-info/top_level.txt
reading manifest file 'build/talker_uint32t/talker_uint32t.egg-info/SOURCES.txt'
writing manifest file 'build/talker_uint32t/talker_uint32t.egg-info/SOURCES.txt'
running build
running build_py
copying talker_uint32t/talker_uint32t.py -> /home/maxim/ros2_ws/src/talker_uint32t/build/talker_uint32t/build/lib/talker_uint32t
running install
running install_lib
copying /home/maxim/ros2_ws/src/talker_uint32t/build/talker_uint32t/build/lib/talker_uint32t/talker_uint32t.py -> /home/maxim/ros2_ws/src/talker_uint32t/install/talker_uint32t/lib/python3.12/site-packages/talker_uint32t
byte-compiling /home/maxim/ros2_ws/src/talker_uint32t/install/talker_uint32t/lib/python3.12/site-packages/talker_uint32t/talker_uint32t.py to talker_uint32t.cpython-312.pyc
running install_data
running install_egg_info
removing '/home/maxim/ros2_ws/src/talker_uint32t/install/talker_uint32t/lib/python3.12/site-packages/talker_uint32t-0.0.0-py3.12.egg-info' (and everything under it)
Copying build/talker_uint32t/talker_uint32t.egg-info to /home/maxim/ros2_ws/src/talker_uint32t/install/talker_uint32t/lib/python3.12/site-packages/talker_uint32t-0.0.0-py3.12.egg-info
running install_scripts
Installing talker script to /home/maxim/ros2_ws/src/talker_uint32t/install/talker_uint32t/lib/talker_uint32t
writing list of installed files to '/home/maxim/ros2_ws/src/talker_uint32t/build/talker_uint32t/install.log'
