[0.641s] Invoking command in '/home/maxim/ros2_ws/src/talker_uint32t': DEBUGINFOD_URLS=https://debuginfod.ubuntu.com PYTHONPATH=/home/maxim/ros2_ws/src/talker_uint32t/build/talker_uint32t/prefix_override:/usr/lib/python3/dist-packages/colcon_core/task/python/colcon_distutils_commands:/home/maxim/ros2_ws/src/talker_uint32t/install/talker_uint32t/lib/python3.12/site-packages:${PYTHONPATH} /usr/bin/python3 -W ignore:setup.py install is deprecated -W ignore:easy_install command is deprecated setup.py egg_info --egg-base build/talker_uint32t build --build-base /home/maxim/ros2_ws/src/talker_uint32t/build/talker_uint32t/build install --record /home/maxim/ros2_ws/src/talker_uint32t/build/talker_uint32t/install.log --single-version-externally-managed install_data
[0.817s] running egg_info
[0.825s] writing build/talker_uint32t/talker_uint32t.egg-info/PKG-INFO
[0.825s] writing dependency_links to build/talker_uint32t/talker_uint32t.egg-info/dependency_links.txt
[0.825s] writing entry points to build/talker_uint32t/talker_uint32t.egg-info/entry_points.txt
[0.826s] writing requirements to build/talker_uint32t/talker_uint32t.egg-info/requires.txt
[0.826s] writing top-level names to build/talker_uint32t/talker_uint32t.egg-info/top_level.txt
[0.839s] reading manifest file 'build/talker_uint32t/talker_uint32t.egg-info/SOURCES.txt'
[0.839s] writing manifest file 'build/talker_uint32t/talker_uint32t.egg-info/SOURCES.txt'
[0.839s] running build
[0.839s] running build_py
[0.839s] copying talker_uint32t/talker_uint32t.py -> /home/maxim/ros2_ws/src/talker_uint32t/build/talker_uint32t/build/lib/talker_uint32t
[0.840s] running install
[0.843s] running install_lib
[0.849s] copying /home/maxim/ros2_ws/src/talker_uint32t/build/talker_uint32t/build/lib/talker_uint32t/talker_uint32t.py -> /home/maxim/ros2_ws/src/talker_uint32t/install/talker_uint32t/lib/python3.12/site-packages/talker_uint32t
[0.849s] byte-compiling /home/maxim/ros2_ws/src/talker_uint32t/install/talker_uint32t/lib/python3.12/site-packages/talker_uint32t/talker_uint32t.py to talker_uint32t.cpython-312.pyc
[0.850s] running install_data
[0.850s] running install_egg_info
[0.857s] removing '/home/maxim/ros2_ws/src/talker_uint32t/install/talker_uint32t/lib/python3.12/site-packages/talker_uint32t-0.0.0-py3.12.egg-info' (and everything under it)
[0.857s] Copying build/talker_uint32t/talker_uint32t.egg-info to /home/maxim/ros2_ws/src/talker_uint32t/install/talker_uint32t/lib/python3.12/site-packages/talker_uint32t-0.0.0-py3.12.egg-info
[0.858s] running install_scripts
[0.912s] Installing talker script to /home/maxim/ros2_ws/src/talker_uint32t/install/talker_uint32t/lib/talker_uint32t
[0.912s] writing list of installed files to '/home/maxim/ros2_ws/src/talker_uint32t/build/talker_uint32t/install.log'
[0.940s] Invoked command in '/home/maxim/ros2_ws/src/talker_uint32t' returned '0': DEBUGINFOD_URLS=https://debuginfod.ubuntu.com PYTHONPATH=/home/maxim/ros2_ws/src/talker_uint32t/build/talker_uint32t/prefix_override:/usr/lib/python3/dist-packages/colcon_core/task/python/colcon_distutils_commands:/home/maxim/ros2_ws/src/talker_uint32t/install/talker_uint32t/lib/python3.12/site-packages:${PYTHONPATH} /usr/bin/python3 -W ignore:setup.py install is deprecated -W ignore:easy_install command is deprecated setup.py egg_info --egg-base build/talker_uint32t build --build-base /home/maxim/ros2_ws/src/talker_uint32t/build/talker_uint32t/build install --record /home/maxim/ros2_ws/src/talker_uint32t/build/talker_uint32t/install.log --single-version-externally-managed install_data
