[1.579s] Invoking command in '/home/maxim/ros2_ws/src/talker': DEBUGINFOD_URLS=https://debuginfod.ubuntu.com PYTHONPATH=/home/maxim/ros2_ws/src/build/talker/prefix_override:/usr/lib/python3/dist-packages/colcon_core/task/python/colcon_distutils_commands:/home/maxim/ros2_ws/src/install/talker/lib/python3.12/site-packages:${PYTHONPATH} /usr/bin/python3 -W ignore:setup.py install is deprecated -W ignore:easy_install command is deprecated setup.py egg_info --egg-base ../build/talker build --build-base /home/maxim/ros2_ws/src/build/talker/build install --record /home/maxim/ros2_ws/src/build/talker/install.log --single-version-externally-managed install_data
[1.857s] running egg_info
[1.857s] creating ../build/talker/talker.egg-info
[1.865s] writing ../build/talker/talker.egg-info/PKG-INFO
[1.865s] writing dependency_links to ../build/talker/talker.egg-info/dependency_links.txt
[1.865s] writing entry points to ../build/talker/talker.egg-info/entry_points.txt
[1.865s] writing requirements to ../build/talker/talker.egg-info/requires.txt
[1.865s] writing top-level names to ../build/talker/talker.egg-info/top_level.txt
[1.866s] writing manifest file '../build/talker/talker.egg-info/SOURCES.txt'
[1.881s] reading manifest file '../build/talker/talker.egg-info/SOURCES.txt'
[1.881s] writing manifest file '../build/talker/talker.egg-info/SOURCES.txt'
[1.881s] running build
[1.881s] running build_py
[1.881s] creating /home/maxim/ros2_ws/src/build/talker/build
[1.881s] creating /home/maxim/ros2_ws/src/build/talker/build/lib
[1.882s] creating /home/maxim/ros2_ws/src/build/talker/build/lib/talker
[1.882s] copying talker/talker_node.py -> /home/maxim/ros2_ws/src/build/talker/build/lib/talker
[1.882s] copying talker/talker_node_uint32.py -> /home/maxim/ros2_ws/src/build/talker/build/lib/talker
[1.882s] copying talker/__init__.py -> /home/maxim/ros2_ws/src/build/talker/build/lib/talker
[1.882s] running install
[1.885s] running install_lib
[1.892s] creating /home/maxim/ros2_ws/src/install/talker/lib/python3.12/site-packages/talker
[1.892s] copying /home/maxim/ros2_ws/src/build/talker/build/lib/talker/talker_node.py -> /home/maxim/ros2_ws/src/install/talker/lib/python3.12/site-packages/talker
[1.893s] copying /home/maxim/ros2_ws/src/build/talker/build/lib/talker/talker_node_uint32.py -> /home/maxim/ros2_ws/src/install/talker/lib/python3.12/site-packages/talker
[1.893s] copying /home/maxim/ros2_ws/src/build/talker/build/lib/talker/__init__.py -> /home/maxim/ros2_ws/src/install/talker/lib/python3.12/site-packages/talker
[1.893s] byte-compiling /home/maxim/ros2_ws/src/install/talker/lib/python3.12/site-packages/talker/talker_node.py to talker_node.cpython-312.pyc
[1.893s] byte-compiling /home/maxim/ros2_ws/src/install/talker/lib/python3.12/site-packages/talker/talker_node_uint32.py to talker_node_uint32.cpython-312.pyc
[1.893s] byte-compiling /home/maxim/ros2_ws/src/install/talker/lib/python3.12/site-packages/talker/__init__.py to __init__.cpython-312.pyc
[1.893s] running install_data
[1.893s] creating /home/maxim/ros2_ws/src/install/talker/share/ament_index
[1.894s] creating /home/maxim/ros2_ws/src/install/talker/share/ament_index/resource_index
[1.894s] creating /home/maxim/ros2_ws/src/install/talker/share/ament_index/resource_index/packages
[1.894s] copying resource/talker -> /home/maxim/ros2_ws/src/install/talker/share/ament_index/resource_index/packages
[1.894s] copying package.xml -> /home/maxim/ros2_ws/src/install/talker/share/talker
[1.894s] running install_egg_info
[1.902s] Copying ../build/talker/talker.egg-info to /home/maxim/ros2_ws/src/install/talker/lib/python3.12/site-packages/talker-0.0.0-py3.12.egg-info
[1.902s] running install_scripts
[1.961s] Installing talker script to /home/maxim/ros2_ws/src/install/talker/lib/talker
[1.961s] writing list of installed files to '/home/maxim/ros2_ws/src/build/talker/install.log'
[1.985s] Invoked command in '/home/maxim/ros2_ws/src/talker' returned '0': DEBUGINFOD_URLS=https://debuginfod.ubuntu.com PYTHONPATH=/home/maxim/ros2_ws/src/build/talker/prefix_override:/usr/lib/python3/dist-packages/colcon_core/task/python/colcon_distutils_commands:/home/maxim/ros2_ws/src/install/talker/lib/python3.12/site-packages:${PYTHONPATH} /usr/bin/python3 -W ignore:setup.py install is deprecated -W ignore:easy_install command is deprecated setup.py egg_info --egg-base ../build/talker build --build-base /home/maxim/ros2_ws/src/build/talker/build install --record /home/maxim/ros2_ws/src/build/talker/install.log --single-version-externally-managed install_data
