[0.681s] Invoking command in '/home/maxim/ros2_ws/src/snake': DEBUGINFOD_URLS=https://debuginfod.ubuntu.com PYTHONPATH=/home/maxim/ros2_ws/build/snake/prefix_override:/usr/lib/python3/dist-packages/colcon_core/task/python/colcon_distutils_commands:/home/maxim/ros2_ws/install/snake/lib/python3.12/site-packages:${PYTHONPATH} /usr/bin/python3 -W ignore:setup.py install is deprecated -W ignore:easy_install command is deprecated setup.py egg_info --egg-base ../../build/snake build --build-base /home/maxim/ros2_ws/build/snake/build install --record /home/maxim/ros2_ws/build/snake/install.log --single-version-externally-managed install_data
[0.868s] running egg_info
[0.876s] writing ../../build/snake/snake.egg-info/PKG-INFO
[0.876s] writing dependency_links to ../../build/snake/snake.egg-info/dependency_links.txt
[0.876s] writing entry points to ../../build/snake/snake.egg-info/entry_points.txt
[0.876s] writing requirements to ../../build/snake/snake.egg-info/requires.txt
[0.877s] writing top-level names to ../../build/snake/snake.egg-info/top_level.txt
[0.894s] reading manifest file '../../build/snake/snake.egg-info/SOURCES.txt'
[0.894s] writing manifest file '../../build/snake/snake.egg-info/SOURCES.txt'
[0.894s] running build
[0.894s] running build_py
[0.894s] copying snake/followerNode.py -> /home/maxim/ros2_ws/build/snake/build/lib/snake
[0.894s] running install
[0.898s] running install_lib
[0.906s] copying /home/maxim/ros2_ws/build/snake/build/lib/snake/followerNode.py -> /home/maxim/ros2_ws/install/snake/lib/python3.12/site-packages/snake
[0.906s] byte-compiling /home/maxim/ros2_ws/install/snake/lib/python3.12/site-packages/snake/followerNode.py to followerNode.cpython-312.pyc
[0.906s] running install_data
[0.906s] running install_egg_info
[0.914s] removing '/home/maxim/ros2_ws/install/snake/lib/python3.12/site-packages/snake-0.0.0-py3.12.egg-info' (and everything under it)
[0.915s] Copying ../../build/snake/snake.egg-info to /home/maxim/ros2_ws/install/snake/lib/python3.12/site-packages/snake-0.0.0-py3.12.egg-info
[0.915s] running install_scripts
[0.967s] Installing follow script to /home/maxim/ros2_ws/install/snake/lib/snake
[0.967s] Installing snake script to /home/maxim/ros2_ws/install/snake/lib/snake
[0.967s] writing list of installed files to '/home/maxim/ros2_ws/build/snake/install.log'
[0.986s] Invoked command in '/home/maxim/ros2_ws/src/snake' returned '0': DEBUGINFOD_URLS=https://debuginfod.ubuntu.com PYTHONPATH=/home/maxim/ros2_ws/build/snake/prefix_override:/usr/lib/python3/dist-packages/colcon_core/task/python/colcon_distutils_commands:/home/maxim/ros2_ws/install/snake/lib/python3.12/site-packages:${PYTHONPATH} /usr/bin/python3 -W ignore:setup.py install is deprecated -W ignore:easy_install command is deprecated setup.py egg_info --egg-base ../../build/snake build --build-base /home/maxim/ros2_ws/build/snake/build install --record /home/maxim/ros2_ws/build/snake/install.log --single-version-externally-managed install_data
