[1.489s] Invoking command in '/home/maxim/ros2_ws/src/snake': DEBUGINFOD_URLS=https://debuginfod.ubuntu.com PYTHONPATH=/home/maxim/ros2_ws/src/build/snake/prefix_override:/usr/lib/python3/dist-packages/colcon_core/task/python/colcon_distutils_commands:/home/maxim/ros2_ws/src/install/snake/lib/python3.12/site-packages:${PYTHONPATH} /usr/bin/python3 -W ignore:setup.py install is deprecated -W ignore:easy_install command is deprecated setup.py egg_info --egg-base ../build/snake build --build-base /home/maxim/ros2_ws/src/build/snake/build install --record /home/maxim/ros2_ws/src/build/snake/install.log --single-version-externally-managed install_data
[1.614s] running egg_info
[1.615s] creating ../build/snake/snake.egg-info
[1.621s] writing ../build/snake/snake.egg-info/PKG-INFO
[1.621s] writing dependency_links to ../build/snake/snake.egg-info/dependency_links.txt
[1.621s] writing entry points to ../build/snake/snake.egg-info/entry_points.txt
[1.621s] writing requirements to ../build/snake/snake.egg-info/requires.txt
[1.621s] writing top-level names to ../build/snake/snake.egg-info/top_level.txt
[1.621s] writing manifest file '../build/snake/snake.egg-info/SOURCES.txt'
[1.636s] reading manifest file '../build/snake/snake.egg-info/SOURCES.txt'
[1.636s] writing manifest file '../build/snake/snake.egg-info/SOURCES.txt'
[1.636s] running build
[1.636s] running build_py
[1.636s] creating /home/maxim/ros2_ws/src/build/snake/build
[1.636s] creating /home/maxim/ros2_ws/src/build/snake/build/lib
[1.636s] creating /home/maxim/ros2_ws/src/build/snake/build/lib/snake
[1.637s] copying snake/followerNode.py -> /home/maxim/ros2_ws/src/build/snake/build/lib/snake
[1.637s] copying snake/__init__.py -> /home/maxim/ros2_ws/src/build/snake/build/lib/snake
[1.637s] running install
[1.640s] running install_lib
[1.647s] creating /home/maxim/ros2_ws/src/install/snake/lib/python3.12/site-packages/snake
[1.647s] copying /home/maxim/ros2_ws/src/build/snake/build/lib/snake/followerNode.py -> /home/maxim/ros2_ws/src/install/snake/lib/python3.12/site-packages/snake
[1.647s] copying /home/maxim/ros2_ws/src/build/snake/build/lib/snake/__init__.py -> /home/maxim/ros2_ws/src/install/snake/lib/python3.12/site-packages/snake
[1.648s] byte-compiling /home/maxim/ros2_ws/src/install/snake/lib/python3.12/site-packages/snake/followerNode.py to followerNode.cpython-312.pyc
[1.648s] byte-compiling /home/maxim/ros2_ws/src/install/snake/lib/python3.12/site-packages/snake/__init__.py to __init__.cpython-312.pyc
[1.648s] running install_data
[1.648s] creating /home/maxim/ros2_ws/src/install/snake/share/ament_index
[1.648s] creating /home/maxim/ros2_ws/src/install/snake/share/ament_index/resource_index
[1.648s] creating /home/maxim/ros2_ws/src/install/snake/share/ament_index/resource_index/packages
[1.648s] copying resource/snake -> /home/maxim/ros2_ws/src/install/snake/share/ament_index/resource_index/packages
[1.648s] copying package.xml -> /home/maxim/ros2_ws/src/install/snake/share/snake
[1.648s] running install_egg_info
[1.656s] Copying ../build/snake/snake.egg-info to /home/maxim/ros2_ws/src/install/snake/lib/python3.12/site-packages/snake-0.0.0-py3.12.egg-info
[1.657s] running install_scripts
[1.713s] Installing snake script to /home/maxim/ros2_ws/src/install/snake/lib/snake
[1.713s] writing list of installed files to '/home/maxim/ros2_ws/src/build/snake/install.log'
[1.736s] Invoked command in '/home/maxim/ros2_ws/src/snake' returned '0': DEBUGINFOD_URLS=https://debuginfod.ubuntu.com PYTHONPATH=/home/maxim/ros2_ws/src/build/snake/prefix_override:/usr/lib/python3/dist-packages/colcon_core/task/python/colcon_distutils_commands:/home/maxim/ros2_ws/src/install/snake/lib/python3.12/site-packages:${PYTHONPATH} /usr/bin/python3 -W ignore:setup.py install is deprecated -W ignore:easy_install command is deprecated setup.py egg_info --egg-base ../build/snake build --build-base /home/maxim/ros2_ws/src/build/snake/build install --record /home/maxim/ros2_ws/src/build/snake/install.log --single-version-externally-managed install_data
