[1.464s] Invoking command in '/home/maxim/ros2_ws/src/talker_uint32t': DEBUGINFOD_URLS=https://debuginfod.ubuntu.com PYTHONPATH=/home/maxim/ros2_ws/src/build/talker_uint32t/prefix_override:/usr/lib/python3/dist-packages/colcon_core/task/python/colcon_distutils_commands:/home/maxim/ros2_ws/src/install/talker_uint32t/lib/python3.12/site-packages:${PYTHONPATH} /usr/bin/python3 -W ignore:setup.py install is deprecated -W ignore:easy_install command is deprecated setup.py egg_info --egg-base ../build/talker_uint32t build --build-base /home/maxim/ros2_ws/src/build/talker_uint32t/build install --record /home/maxim/ros2_ws/src/build/talker_uint32t/install.log --single-version-externally-managed install_data
[1.798s] running egg_info
[1.798s] creating ../build/talker_uint32t/talker_uint32t.egg-info
[1.806s] writing ../build/talker_uint32t/talker_uint32t.egg-info/PKG-INFO
[1.806s] writing dependency_links to ../build/talker_uint32t/talker_uint32t.egg-info/dependency_links.txt
[1.806s] writing entry points to ../build/talker_uint32t/talker_uint32t.egg-info/entry_points.txt
[1.806s] writing requirements to ../build/talker_uint32t/talker_uint32t.egg-info/requires.txt
[1.806s] writing top-level names to ../build/talker_uint32t/talker_uint32t.egg-info/top_level.txt
[1.806s] writing manifest file '../build/talker_uint32t/talker_uint32t.egg-info/SOURCES.txt'
[1.822s] reading manifest file '../build/talker_uint32t/talker_uint32t.egg-info/SOURCES.txt'
[1.823s] writing manifest file '../build/talker_uint32t/talker_uint32t.egg-info/SOURCES.txt'
[1.823s] running build
[1.823s] running build_py
[1.823s] creating /home/maxim/ros2_ws/src/build/talker_uint32t/build
[1.823s] creating /home/maxim/ros2_ws/src/build/talker_uint32t/build/lib
[1.823s] creating /home/maxim/ros2_ws/src/build/talker_uint32t/build/lib/talker_uint32t
[1.823s] copying talker_uint32t/talker_uint32t.py -> /home/maxim/ros2_ws/src/build/talker_uint32t/build/lib/talker_uint32t
[1.823s] copying talker_uint32t/__init__.py -> /home/maxim/ros2_ws/src/build/talker_uint32t/build/lib/talker_uint32t
[1.823s] running install
[1.827s] running install_lib
[1.835s] creating /home/maxim/ros2_ws/src/install/talker_uint32t/lib/python3.12/site-packages/talker_uint32t
[1.835s] copying /home/maxim/ros2_ws/src/build/talker_uint32t/build/lib/talker_uint32t/talker_uint32t.py -> /home/maxim/ros2_ws/src/install/talker_uint32t/lib/python3.12/site-packages/talker_uint32t
[1.835s] copying /home/maxim/ros2_ws/src/build/talker_uint32t/build/lib/talker_uint32t/__init__.py -> /home/maxim/ros2_ws/src/install/talker_uint32t/lib/python3.12/site-packages/talker_uint32t
[1.835s] byte-compiling /home/maxim/ros2_ws/src/install/talker_uint32t/lib/python3.12/site-packages/talker_uint32t/talker_uint32t.py to talker_uint32t.cpython-312.pyc
[1.836s] byte-compiling /home/maxim/ros2_ws/src/install/talker_uint32t/lib/python3.12/site-packages/talker_uint32t/__init__.py to __init__.cpython-312.pyc
[1.836s] running install_data
[1.836s] creating /home/maxim/ros2_ws/src/install/talker_uint32t/share/ament_index
[1.836s] creating /home/maxim/ros2_ws/src/install/talker_uint32t/share/ament_index/resource_index
[1.836s] creating /home/maxim/ros2_ws/src/install/talker_uint32t/share/ament_index/resource_index/packages
[1.836s] copying resource/talker_uint32t -> /home/maxim/ros2_ws/src/install/talker_uint32t/share/ament_index/resource_index/packages
[1.836s] copying package.xml -> /home/maxim/ros2_ws/src/install/talker_uint32t/share/talker_uint32t
[1.836s] running install_egg_info
[1.844s] Copying ../build/talker_uint32t/talker_uint32t.egg-info to /home/maxim/ros2_ws/src/install/talker_uint32t/lib/python3.12/site-packages/talker_uint32t-0.0.0-py3.12.egg-info
[1.844s] running install_scripts
[1.901s] Installing talker script to /home/maxim/ros2_ws/src/install/talker_uint32t/lib/talker_uint32t
[1.901s] writing list of installed files to '/home/maxim/ros2_ws/src/build/talker_uint32t/install.log'
[1.923s] Invoked command in '/home/maxim/ros2_ws/src/talker_uint32t' returned '0': DEBUGINFOD_URLS=https://debuginfod.ubuntu.com PYTHONPATH=/home/maxim/ros2_ws/src/build/talker_uint32t/prefix_override:/usr/lib/python3/dist-packages/colcon_core/task/python/colcon_distutils_commands:/home/maxim/ros2_ws/src/install/talker_uint32t/lib/python3.12/site-packages:${PYTHONPATH} /usr/bin/python3 -W ignore:setup.py install is deprecated -W ignore:easy_install command is deprecated setup.py egg_info --egg-base ../build/talker_uint32t build --build-base /home/maxim/ros2_ws/src/build/talker_uint32t/build install --record /home/maxim/ros2_ws/src/build/talker_uint32t/install.log --single-version-externally-managed install_data
