running egg_info
creating ../build/my_turtle_controller/my_turtle_controller.egg-info
writing ../build/my_turtle_controller/my_turtle_controller.egg-info/PKG-INFO
writing dependency_links to ../build/my_turtle_controller/my_turtle_controller.egg-info/dependency_links.txt
writing entry points to ../build/my_turtle_controller/my_turtle_controller.egg-info/entry_points.txt
writing requirements to ../build/my_turtle_controller/my_turtle_controller.egg-info/requires.txt
writing top-level names to ../build/my_turtle_controller/my_turtle_controller.egg-info/top_level.txt
writing manifest file '../build/my_turtle_controller/my_turtle_controller.egg-info/SOURCES.txt'
reading manifest file '../build/my_turtle_controller/my_turtle_controller.egg-info/SOURCES.txt'
writing manifest file '../build/my_turtle_controller/my_turtle_controller.egg-info/SOURCES.txt'
running build
running build_py
creating /home/maxim/ros2_ws/src/build/my_turtle_controller/build
creating /home/maxim/ros2_ws/src/build/my_turtle_controller/build/lib
creating /home/maxim/ros2_ws/src/build/my_turtle_controller/build/lib/my_turtle_controller
copying my_turtle_controller/turtle_mover.py -> /home/maxim/ros2_ws/src/build/my_turtle_controller/build/lib/my_turtle_controller
copying my_turtle_controller/turtle_figure8.py -> /home/maxim/ros2_ws/src/build/my_turtle_controller/build/lib/my_turtle_controller
copying my_turtle_controller/__init__.py -> /home/maxim/ros2_ws/src/build/my_turtle_controller/build/lib/my_turtle_controller
copying my_turtle_controller/turtle_pose_follower.py -> /home/maxim/ros2_ws/src/build/my_turtle_controller/build/lib/my_turtle_controller
running install
running install_lib
creating /home/maxim/ros2_ws/src/install/my_turtle_controller/lib/python3.12/site-packages/my_turtle_controller
copying /home/maxim/ros2_ws/src/build/my_turtle_controller/build/lib/my_turtle_controller/turtle_mover.py -> /home/maxim/ros2_ws/src/install/my_turtle_controller/lib/python3.12/site-packages/my_turtle_controller
copying /home/maxim/ros2_ws/src/build/my_turtle_controller/build/lib/my_turtle_controller/turtle_figure8.py -> /home/maxim/ros2_ws/src/install/my_turtle_controller/lib/python3.12/site-packages/my_turtle_controller
copying /home/maxim/ros2_ws/src/build/my_turtle_controller/build/lib/my_turtle_controller/__init__.py -> /home/maxim/ros2_ws/src/install/my_turtle_controller/lib/python3.12/site-packages/my_turtle_controller
copying /home/maxim/ros2_ws/src/build/my_turtle_controller/build/lib/my_turtle_controller/turtle_pose_follower.py -> /home/maxim/ros2_ws/src/install/my_turtle_controller/lib/python3.12/site-packages/my_turtle_controller
byte-compiling /home/maxim/ros2_ws/src/install/my_turtle_controller/lib/python3.12/site-packages/my_turtle_controller/turtle_mover.py to turtle_mover.cpython-312.pyc
byte-compiling /home/maxim/ros2_ws/src/install/my_turtle_controller/lib/python3.12/site-packages/my_turtle_controller/turtle_figure8.py to turtle_figure8.cpython-312.pyc
byte-compiling /home/maxim/ros2_ws/src/install/my_turtle_controller/lib/python3.12/site-packages/my_turtle_controller/__init__.py to __init__.cpython-312.pyc
byte-compiling /home/maxim/ros2_ws/src/install/my_turtle_controller/lib/python3.12/site-packages/my_turtle_controller/turtle_pose_follower.py to turtle_pose_follower.cpython-312.pyc
running install_data
creating /home/maxim/ros2_ws/src/install/my_turtle_controller/share/ament_index
creating /home/maxim/ros2_ws/src/install/my_turtle_controller/share/ament_index/resource_index
creating /home/maxim/ros2_ws/src/install/my_turtle_controller/share/ament_index/resource_index/packages
copying resource/my_turtle_controller -> /home/maxim/ros2_ws/src/install/my_turtle_controller/share/ament_index/resource_index/packages
copying package.xml -> /home/maxim/ros2_ws/src/install/my_turtle_controller/share/my_turtle_controller
running install_egg_info
Copying ../build/my_turtle_controller/my_turtle_controller.egg-info to /home/maxim/ros2_ws/src/install/my_turtle_controller/lib/python3.12/site-packages/my_turtle_controller-0.0.0-py3.12.egg-info
running install_scripts
Installing turtle_figure8 script to /home/maxim/ros2_ws/src/install/my_turtle_controller/lib/my_turtle_controller
Installing turtle_mover script to /home/maxim/ros2_ws/src/install/my_turtle_controller/lib/my_turtle_controller
Installing turtle_pose_follower script to /home/maxim/ros2_ws/src/install/my_turtle_controller/lib/my_turtle_controller
writing list of installed files to '/home/maxim/ros2_ws/src/build/my_turtle_controller/install.log'
