[1.485s] Invoking command in '/home/maxim/ros2_ws/src/listener': DEBUGINFOD_URLS=https://debuginfod.ubuntu.com PYTHONPATH=/home/maxim/ros2_ws/src/build/listener/prefix_override:/usr/lib/python3/dist-packages/colcon_core/task/python/colcon_distutils_commands:/home/maxim/ros2_ws/src/install/listener/lib/python3.12/site-packages:${PYTHONPATH} /usr/bin/python3 -W ignore:setup.py install is deprecated -W ignore:easy_install command is deprecated setup.py egg_info --egg-base ../build/listener build --build-base /home/maxim/ros2_ws/src/build/listener/build install --record /home/maxim/ros2_ws/src/build/listener/install.log --single-version-externally-managed install_data
[1.682s] running egg_info
[1.682s] creating ../build/listener/listener.egg-info
[1.689s] writing ../build/listener/listener.egg-info/PKG-INFO
[1.689s] writing dependency_links to ../build/listener/listener.egg-info/dependency_links.txt
[1.689s] writing entry points to ../build/listener/listener.egg-info/entry_points.txt
[1.689s] writing requirements to ../build/listener/listener.egg-info/requires.txt
[1.689s] writing top-level names to ../build/listener/listener.egg-info/top_level.txt
[1.689s] writing manifest file '../build/listener/listener.egg-info/SOURCES.txt'
[1.704s] reading manifest file '../build/listener/listener.egg-info/SOURCES.txt'
[1.704s] writing manifest file '../build/listener/listener.egg-info/SOURCES.txt'
[1.704s] running build
[1.705s] running build_py
[1.705s] creating /home/maxim/ros2_ws/src/build/listener/build
[1.705s] creating /home/maxim/ros2_ws/src/build/listener/build/lib
[1.705s] creating /home/maxim/ros2_ws/src/build/listener/build/lib/listener
[1.705s] copying listener/listener_node.py -> /home/maxim/ros2_ws/src/build/listener/build/lib/listener
[1.705s] copying listener/__init__.py -> /home/maxim/ros2_ws/src/build/listener/build/lib/listener
[1.705s] running install
[1.708s] running install_lib
[1.716s] creating /home/maxim/ros2_ws/src/install/listener/lib/python3.12/site-packages/listener
[1.716s] copying /home/maxim/ros2_ws/src/build/listener/build/lib/listener/listener_node.py -> /home/maxim/ros2_ws/src/install/listener/lib/python3.12/site-packages/listener
[1.716s] copying /home/maxim/ros2_ws/src/build/listener/build/lib/listener/__init__.py -> /home/maxim/ros2_ws/src/install/listener/lib/python3.12/site-packages/listener
[1.716s] byte-compiling /home/maxim/ros2_ws/src/install/listener/lib/python3.12/site-packages/listener/listener_node.py to listener_node.cpython-312.pyc
[1.716s] byte-compiling /home/maxim/ros2_ws/src/install/listener/lib/python3.12/site-packages/listener/__init__.py to __init__.cpython-312.pyc
[1.716s] running install_data
[1.717s] creating /home/maxim/ros2_ws/src/install/listener/share/ament_index
[1.717s] creating /home/maxim/ros2_ws/src/install/listener/share/ament_index/resource_index
[1.717s] creating /home/maxim/ros2_ws/src/install/listener/share/ament_index/resource_index/packages
[1.717s] copying resource/listener -> /home/maxim/ros2_ws/src/install/listener/share/ament_index/resource_index/packages
[1.717s] copying package.xml -> /home/maxim/ros2_ws/src/install/listener/share/listener
[1.717s] running install_egg_info
[1.725s] Copying ../build/listener/listener.egg-info to /home/maxim/ros2_ws/src/install/listener/lib/python3.12/site-packages/listener-0.0.0-py3.12.egg-info
[1.725s] running install_scripts
[1.784s] Installing listener script to /home/maxim/ros2_ws/src/install/listener/lib/listener
[1.784s] writing list of installed files to '/home/maxim/ros2_ws/src/build/listener/install.log'
[1.812s] Invoked command in '/home/maxim/ros2_ws/src/listener' returned '0': DEBUGINFOD_URLS=https://debuginfod.ubuntu.com PYTHONPATH=/home/maxim/ros2_ws/src/build/listener/prefix_override:/usr/lib/python3/dist-packages/colcon_core/task/python/colcon_distutils_commands:/home/maxim/ros2_ws/src/install/listener/lib/python3.12/site-packages:${PYTHONPATH} /usr/bin/python3 -W ignore:setup.py install is deprecated -W ignore:easy_install command is deprecated setup.py egg_info --egg-base ../build/listener build --build-base /home/maxim/ros2_ws/src/build/listener/build install --record /home/maxim/ros2_ws/src/build/listener/install.log --single-version-externally-managed install_data
