[0.000000] (-) TimerEvent: {}
[0.000868] (listener) JobQueued: {'identifier': 'listener', 'dependencies': OrderedDict()}
[0.000918] (my_turtle_controller) JobQueued: {'identifier': 'my_turtle_controller', 'dependencies': OrderedDict()}
[0.000940] (talker) JobQueued: {'identifier': 'talker', 'dependencies': OrderedDict()}
[0.000957] (talker_uint32t) JobQueued: {'identifier': 'talker_uint32t', 'dependencies': OrderedDict()}
[0.000971] (listener) JobStarted: {'identifier': 'listener'}
[0.009311] (my_turtle_controller) JobStarted: {'identifier': 'my_turtle_controller'}
[0.014298] (talker) JobStarted: {'identifier': 'talker'}
[0.021173] (talker_uint32t) JobStarted: {'identifier': 'talker_uint32t'}
[0.099549] (-) TimerEvent: {}
[0.199994] (-) TimerEvent: {}
[0.300370] (-) TimerEvent: {}
[0.400774] (-) TimerEvent: {}
[0.501130] (-) TimerEvent: {}
[0.558430] (my_turtle_controller) StderrLine: {'line': b'Traceback (most recent call last):\n  File "/usr/lib/python3/dist-packages/colcon_core/executor/__init__.py", line 91, in __call__\n    rc = await self.task(*args, **kwargs)\n         ^^^^^^^^^^^^^^^^^^^^^^^^^^^^^^^^\n  File "/usr/lib/python3/dist-packages/colcon_core/task/__init__.py", line 93, in __call__\n    return await task_method(*args, **kwargs)\n           ^^^^^^^^^^^^^^^^^^^^^^^^^^^^^^^^^^\n  File "/usr/lib/python3/dist-packages/colcon_ros/task/ament_python/build.py", line 51, in build\n    setup_py_data = get_setup_data(self.context.pkg, env)\n                    ^^^^^^^^^^^^^^^^^^^^^^^^^^^^^^^^^^^^^\n  File "/usr/lib/python3/dist-packages/colcon_core/task/python/__init__.py", line 20, in get_setup_data\n    return dict(pkg.metadata[key](env))\n                ^^^^^^^^^^^^^^^^^^^^^^\n  File "/usr/lib/python3/dist-packages/colcon_ros/package_augmentation/ros_ament_python.py", line 57, in getter\n    return get_setup_information(\n           ^^^^^^^^^^^^^^^^^^^^^^\n  File "/usr/lib/python3/dist-packages/colcon_python_setup_py/package_identification/python_setup_py.py", line 249, in get_setup_information\n    _setup_information_cache[hashable_env] = _get_setup_information(\n                                             ^^^^^^^^^^^^^^^^^^^^^^^\n  File "/usr/lib/python3/dist-packages/colcon_python_setup_py/package_identification/python_setup_py.py", line 296, in _get_setup_information\n    result = subprocess.run(\n             ^^^^^^^^^^^^^^^\n  File "/usr/lib/python3.12/subprocess.py", line 571, in run\n    raise CalledProcessError(retcode, process.args,\nsubprocess.CalledProcessError: Command \'[\'/usr/bin/python3\', \'-c\', \'import sys;from contextlib import suppress;exec("with suppress(ImportError):    from setuptools.extern.packaging.specifiers    import SpecifierSet");exec("with suppress(ImportError):    from packaging.specifiers import SpecifierSet");from distutils.core import run_setup;dist = run_setup(    \\\'setup.py\\\', script_args=(\\\'--dry-run\\\',), stop_after=\\\'config\\\');skip_keys = (\\\'cmdclass\\\', \\\'distclass\\\', \\\'ext_modules\\\', \\\'metadata\\\');data = {    key: value for key, value in dist.__dict__.items()     if (        not key.startswith(\\\'_\\\') and         not callable(value) and         key not in skip_keys and         key not in dist.display_option_names    )};data[\\\'metadata\\\'] = {    k: v for k, v in dist.metadata.__dict__.items()     if k not in (\\\'license_files\\\', \\\'provides_extras\\\')};sys.stdout.buffer.write(repr(data).encode(\\\'utf-8\\\'))\']\' returned non-zero exit status 1.\n'}
[0.559582] (my_turtle_controller) JobEnded: {'identifier': 'my_turtle_controller', 'rc': 1}
[0.601316] (-) TimerEvent: {}
[0.701736] (-) TimerEvent: {}
[0.802067] (-) TimerEvent: {}
[0.804693] (listener) JobEnded: {'identifier': 'listener', 'rc': 'SIGINT'}
[0.805503] (talker) JobEnded: {'identifier': 'talker', 'rc': 'SIGINT'}
[0.805756] (talker_uint32t) JobEnded: {'identifier': 'talker_uint32t', 'rc': 'SIGINT'}
[0.815980] (-) EventReactorShutdown: {}
