[0.645s] Invoking command in '/home/maxim/ros2_ws/src/my_service_client': DEBUGINFOD_URLS=https://debuginfod.ubuntu.com PYTHONPATH=/home/maxim/ros2_ws/build/my_service_client/prefix_override:/usr/lib/python3/dist-packages/colcon_core/task/python/colcon_distutils_commands:/home/maxim/ros2_ws/install/my_service_client/lib/python3.12/site-packages:/home/maxim/ros2_ws/install/my_service_interfaces/lib/python3.12/site-packages:/home/maxim/ros2_ws/install/talker_uint32t/lib/python3.12/site-packages:/home/maxim/ros2_ws/install/talker/lib/python3.12/site-packages:/home/maxim/ros2_ws/install/my_turtle_controller/lib/python3.12/site-packages:/home/maxim/ros2_ws/install/my_service_server/lib/python3.12/site-packages:/home/maxim/ros2_ws/install/my_service_client/lib/python3.12/site-packages:/home/maxim/ros2_ws/install/listener/lib/python3.12/site-packages:/opt/ros/jazzy/lib/python3.12/site-packages /usr/bin/python3 -W ignore:setup.py install is deprecated -W ignore:easy_install command is deprecated setup.py egg_info --egg-base ../../build/my_service_client build --build-base /home/maxim/ros2_ws/build/my_service_client/build install --record /home/maxim/ros2_ws/build/my_service_client/install.log --single-version-externally-managed install_data
[0.832s] running egg_info
[0.839s] writing ../../build/my_service_client/my_service_client.egg-info/PKG-INFO
[0.839s] writing dependency_links to ../../build/my_service_client/my_service_client.egg-info/dependency_links.txt
[0.839s] writing entry points to ../../build/my_service_client/my_service_client.egg-info/entry_points.txt
[0.839s] writing requirements to ../../build/my_service_client/my_service_client.egg-info/requires.txt
[0.839s] writing top-level names to ../../build/my_service_client/my_service_client.egg-info/top_level.txt
[0.854s] reading manifest file '../../build/my_service_client/my_service_client.egg-info/SOURCES.txt'
[0.854s] writing manifest file '../../build/my_service_client/my_service_client.egg-info/SOURCES.txt'
[0.854s] running build
[0.854s] running build_py
[0.854s] copying my_service_client/client_node.py -> /home/maxim/ros2_ws/build/my_service_client/build/lib/my_service_client
[0.855s] running install
[0.858s] running install_lib
[0.864s] copying /home/maxim/ros2_ws/build/my_service_client/build/lib/my_service_client/client_node.py -> /home/maxim/ros2_ws/install/my_service_client/lib/python3.12/site-packages/my_service_client
[0.864s] byte-compiling /home/maxim/ros2_ws/install/my_service_client/lib/python3.12/site-packages/my_service_client/client_node.py to client_node.cpython-312.pyc
[0.865s] running install_data
[0.865s] running install_egg_info
[0.872s] removing '/home/maxim/ros2_ws/install/my_service_client/lib/python3.12/site-packages/my_service_client-0.0.0-py3.12.egg-info' (and everything under it)
[0.872s] Copying ../../build/my_service_client/my_service_client.egg-info to /home/maxim/ros2_ws/install/my_service_client/lib/python3.12/site-packages/my_service_client-0.0.0-py3.12.egg-info
[0.873s] running install_scripts
[0.924s] Installing velocity_client script to /home/maxim/ros2_ws/install/my_service_client/lib/my_service_client
[0.924s] writing list of installed files to '/home/maxim/ros2_ws/build/my_service_client/install.log'
[0.943s] Invoked command in '/home/maxim/ros2_ws/src/my_service_client' returned '0': DEBUGINFOD_URLS=https://debuginfod.ubuntu.com PYTHONPATH=/home/maxim/ros2_ws/build/my_service_client/prefix_override:/usr/lib/python3/dist-packages/colcon_core/task/python/colcon_distutils_commands:/home/maxim/ros2_ws/install/my_service_client/lib/python3.12/site-packages:/home/maxim/ros2_ws/install/my_service_interfaces/lib/python3.12/site-packages:/home/maxim/ros2_ws/install/talker_uint32t/lib/python3.12/site-packages:/home/maxim/ros2_ws/install/talker/lib/python3.12/site-packages:/home/maxim/ros2_ws/install/my_turtle_controller/lib/python3.12/site-packages:/home/maxim/ros2_ws/install/my_service_server/lib/python3.12/site-packages:/home/maxim/ros2_ws/install/my_service_client/lib/python3.12/site-packages:/home/maxim/ros2_ws/install/listener/lib/python3.12/site-packages:/opt/ros/jazzy/lib/python3.12/site-packages /usr/bin/python3 -W ignore:setup.py install is deprecated -W ignore:easy_install command is deprecated setup.py egg_info --egg-base ../../build/my_service_client build --build-base /home/maxim/ros2_ws/build/my_service_client/build install --record /home/maxim/ros2_ws/build/my_service_client/install.log --single-version-externally-managed install_data
