[0.598s] Invoking command in '/home/maxim/ros2_ws/src/snake': DEBUGINFOD_URLS=https://debuginfod.ubuntu.com PYTHONPATH=/home/maxim/ros2_ws/src/snake/build/snake/prefix_override:/usr/lib/python3/dist-packages/colcon_core/task/python/colcon_distutils_commands:/home/maxim/ros2_ws/src/snake/install/snake/lib/python3.12/site-packages:${PYTHONPATH} /usr/bin/python3 -W ignore:setup.py install is deprecated -W ignore:easy_install command is deprecated setup.py egg_info --egg-base build/snake build --build-base /home/maxim/ros2_ws/src/snake/build/snake/build install --record /home/maxim/ros2_ws/src/snake/build/snake/install.log --single-version-externally-managed install_data
[0.791s] running egg_info
[0.799s] writing build/snake/snake.egg-info/PKG-INFO
[0.799s] writing dependency_links to build/snake/snake.egg-info/dependency_links.txt
[0.799s] writing entry points to build/snake/snake.egg-info/entry_points.txt
[0.799s] writing requirements to build/snake/snake.egg-info/requires.txt
[0.799s] writing top-level names to build/snake/snake.egg-info/top_level.txt
[0.816s] reading manifest file 'build/snake/snake.egg-info/SOURCES.txt'
[0.816s] writing manifest file 'build/snake/snake.egg-info/SOURCES.txt'
[0.816s] running build
[0.816s] running build_py
[0.816s] copying snake/followerNode.py -> /home/maxim/ros2_ws/src/snake/build/snake/build/lib/snake
[0.816s] running install
[0.820s] running install_lib
[0.827s] copying /home/maxim/ros2_ws/src/snake/build/snake/build/lib/snake/followerNode.py -> /home/maxim/ros2_ws/src/snake/install/snake/lib/python3.12/site-packages/snake
[0.827s] byte-compiling /home/maxim/ros2_ws/src/snake/install/snake/lib/python3.12/site-packages/snake/followerNode.py to followerNode.cpython-312.pyc
[0.828s] running install_data
[0.828s] running install_egg_info
[0.836s] removing '/home/maxim/ros2_ws/src/snake/install/snake/lib/python3.12/site-packages/snake-0.0.0-py3.12.egg-info' (and everything under it)
[0.836s] Copying build/snake/snake.egg-info to /home/maxim/ros2_ws/src/snake/install/snake/lib/python3.12/site-packages/snake-0.0.0-py3.12.egg-info
[0.836s] running install_scripts
[0.886s] Installing follow script to /home/maxim/ros2_ws/src/snake/install/snake/lib/snake
[0.886s] Installing snake script to /home/maxim/ros2_ws/src/snake/install/snake/lib/snake
[0.886s] writing list of installed files to '/home/maxim/ros2_ws/src/snake/build/snake/install.log'
[0.906s] Invoked command in '/home/maxim/ros2_ws/src/snake' returned '0': DEBUGINFOD_URLS=https://debuginfod.ubuntu.com PYTHONPATH=/home/maxim/ros2_ws/src/snake/build/snake/prefix_override:/usr/lib/python3/dist-packages/colcon_core/task/python/colcon_distutils_commands:/home/maxim/ros2_ws/src/snake/install/snake/lib/python3.12/site-packages:${PYTHONPATH} /usr/bin/python3 -W ignore:setup.py install is deprecated -W ignore:easy_install command is deprecated setup.py egg_info --egg-base build/snake build --build-base /home/maxim/ros2_ws/src/snake/build/snake/build install --record /home/maxim/ros2_ws/src/snake/build/snake/install.log --single-version-externally-managed install_data
