[1.160s] Invoking command in '/home/maxim/ros2_ws/src/talker': DEBUGINFOD_URLS=https://debuginfod.ubuntu.com PYTHONPATH=/home/maxim/ros2_ws/build/talker/prefix_override:/usr/lib/python3/dist-packages/colcon_core/task/python/colcon_distutils_commands:/home/maxim/ros2_ws/install/talker/lib/python3.12/site-packages:${PYTHONPATH} /usr/bin/python3 -W ignore:setup.py install is deprecated -W ignore:easy_install command is deprecated setup.py egg_info --egg-base ../../build/talker build --build-base /home/maxim/ros2_ws/build/talker/build install --record /home/maxim/ros2_ws/build/talker/install.log --single-version-externally-managed install_data
[1.325s] running egg_info
[1.331s] writing ../../build/talker/talker.egg-info/PKG-INFO
[1.331s] writing dependency_links to ../../build/talker/talker.egg-info/dependency_links.txt
[1.332s] writing entry points to ../../build/talker/talker.egg-info/entry_points.txt
[1.332s] writing requirements to ../../build/talker/talker.egg-info/requires.txt
[1.332s] writing top-level names to ../../build/talker/talker.egg-info/top_level.txt
[1.346s] reading manifest file '../../build/talker/talker.egg-info/SOURCES.txt'
[1.347s] writing manifest file '../../build/talker/talker.egg-info/SOURCES.txt'
[1.347s] running build
[1.347s] running build_py
[1.348s] running install
[1.351s] running install_lib
[1.359s] running install_data
[1.359s] running install_egg_info
[1.367s] removing '/home/maxim/ros2_ws/install/talker/lib/python3.12/site-packages/talker-0.0.0-py3.12.egg-info' (and everything under it)
[1.367s] Copying ../../build/talker/talker.egg-info to /home/maxim/ros2_ws/install/talker/lib/python3.12/site-packages/talker-0.0.0-py3.12.egg-info
[1.368s] running install_scripts
[1.429s] Installing talker script to /home/maxim/ros2_ws/install/talker/lib/talker
[1.429s] writing list of installed files to '/home/maxim/ros2_ws/build/talker/install.log'
[1.448s] Invoked command in '/home/maxim/ros2_ws/src/talker' returned '0': DEBUGINFOD_URLS=https://debuginfod.ubuntu.com PYTHONPATH=/home/maxim/ros2_ws/build/talker/prefix_override:/usr/lib/python3/dist-packages/colcon_core/task/python/colcon_distutils_commands:/home/maxim/ros2_ws/install/talker/lib/python3.12/site-packages:${PYTHONPATH} /usr/bin/python3 -W ignore:setup.py install is deprecated -W ignore:easy_install command is deprecated setup.py egg_info --egg-base ../../build/talker build --build-base /home/maxim/ros2_ws/build/talker/build install --record /home/maxim/ros2_ws/build/talker/install.log --single-version-externally-managed install_data
