[0.588s] Invoking command in '/home/maxim/ros2_ws/src/talker_uint32t': DEBUGINFOD_URLS=https://debuginfod.ubuntu.com PYTHONPATH=/home/maxim/ros2_ws/src/talker_uint32t/build/talker_uint32t/prefix_override:/usr/lib/python3/dist-packages/colcon_core/task/python/colcon_distutils_commands:/home/maxim/ros2_ws/src/talker_uint32t/install/talker_uint32t/lib/python3.12/site-packages:${PYTHONPATH} /usr/bin/python3 -W ignore:setup.py install is deprecated -W ignore:easy_install command is deprecated setup.py egg_info --egg-base build/talker_uint32t build --build-base /home/maxim/ros2_ws/src/talker_uint32t/build/talker_uint32t/build install --record /home/maxim/ros2_ws/src/talker_uint32t/build/talker_uint32t/install.log --single-version-externally-managed install_data
[0.749s] running egg_info
[0.749s] creating build/talker_uint32t/talker_uint32t.egg-info
[0.755s] writing build/talker_uint32t/talker_uint32t.egg-info/PKG-INFO
[0.755s] writing dependency_links to build/talker_uint32t/talker_uint32t.egg-info/dependency_links.txt
[0.755s] writing entry points to build/talker_uint32t/talker_uint32t.egg-info/entry_points.txt
[0.755s] writing requirements to build/talker_uint32t/talker_uint32t.egg-info/requires.txt
[0.756s] writing top-level names to build/talker_uint32t/talker_uint32t.egg-info/top_level.txt
[0.756s] writing manifest file 'build/talker_uint32t/talker_uint32t.egg-info/SOURCES.txt'
[0.768s] reading manifest file 'build/talker_uint32t/talker_uint32t.egg-info/SOURCES.txt'
[0.769s] writing manifest file 'build/talker_uint32t/talker_uint32t.egg-info/SOURCES.txt'
[0.769s] running build
[0.769s] running build_py
[0.769s] creating /home/maxim/ros2_ws/src/talker_uint32t/build/talker_uint32t/build
[0.769s] creating /home/maxim/ros2_ws/src/talker_uint32t/build/talker_uint32t/build/lib
[0.769s] creating /home/maxim/ros2_ws/src/talker_uint32t/build/talker_uint32t/build/lib/talker_uint32t
[0.769s] copying talker_uint32t/talker_uint32t.py -> /home/maxim/ros2_ws/src/talker_uint32t/build/talker_uint32t/build/lib/talker_uint32t
[0.769s] copying talker_uint32t/__init__.py -> /home/maxim/ros2_ws/src/talker_uint32t/build/talker_uint32t/build/lib/talker_uint32t
[0.769s] running install
[0.772s] running install_lib
[0.779s] creating /home/maxim/ros2_ws/src/talker_uint32t/install/talker_uint32t/lib/python3.12/site-packages/talker_uint32t
[0.779s] copying /home/maxim/ros2_ws/src/talker_uint32t/build/talker_uint32t/build/lib/talker_uint32t/talker_uint32t.py -> /home/maxim/ros2_ws/src/talker_uint32t/install/talker_uint32t/lib/python3.12/site-packages/talker_uint32t
[0.779s] copying /home/maxim/ros2_ws/src/talker_uint32t/build/talker_uint32t/build/lib/talker_uint32t/__init__.py -> /home/maxim/ros2_ws/src/talker_uint32t/install/talker_uint32t/lib/python3.12/site-packages/talker_uint32t
[0.779s] byte-compiling /home/maxim/ros2_ws/src/talker_uint32t/install/talker_uint32t/lib/python3.12/site-packages/talker_uint32t/talker_uint32t.py to talker_uint32t.cpython-312.pyc
[0.779s] byte-compiling /home/maxim/ros2_ws/src/talker_uint32t/install/talker_uint32t/lib/python3.12/site-packages/talker_uint32t/__init__.py to __init__.cpython-312.pyc
[0.779s] running install_data
[0.779s] creating /home/maxim/ros2_ws/src/talker_uint32t/install/talker_uint32t/share/ament_index
[0.779s] creating /home/maxim/ros2_ws/src/talker_uint32t/install/talker_uint32t/share/ament_index/resource_index
[0.780s] creating /home/maxim/ros2_ws/src/talker_uint32t/install/talker_uint32t/share/ament_index/resource_index/packages
[0.780s] copying resource/talker_uint32t -> /home/maxim/ros2_ws/src/talker_uint32t/install/talker_uint32t/share/ament_index/resource_index/packages
[0.780s] copying package.xml -> /home/maxim/ros2_ws/src/talker_uint32t/install/talker_uint32t/share/talker_uint32t
[0.780s] running install_egg_info
[0.786s] Copying build/talker_uint32t/talker_uint32t.egg-info to /home/maxim/ros2_ws/src/talker_uint32t/install/talker_uint32t/lib/python3.12/site-packages/talker_uint32t-0.0.0-py3.12.egg-info
[0.787s] running install_scripts
[0.839s] Installing talker script to /home/maxim/ros2_ws/src/talker_uint32t/install/talker_uint32t/lib/talker_uint32t
[0.840s] writing list of installed files to '/home/maxim/ros2_ws/src/talker_uint32t/build/talker_uint32t/install.log'
[0.858s] Invoked command in '/home/maxim/ros2_ws/src/talker_uint32t' returned '0': DEBUGINFOD_URLS=https://debuginfod.ubuntu.com PYTHONPATH=/home/maxim/ros2_ws/src/talker_uint32t/build/talker_uint32t/prefix_override:/usr/lib/python3/dist-packages/colcon_core/task/python/colcon_distutils_commands:/home/maxim/ros2_ws/src/talker_uint32t/install/talker_uint32t/lib/python3.12/site-packages:${PYTHONPATH} /usr/bin/python3 -W ignore:setup.py install is deprecated -W ignore:easy_install command is deprecated setup.py egg_info --egg-base build/talker_uint32t build --build-base /home/maxim/ros2_ws/src/talker_uint32t/build/talker_uint32t/build install --record /home/maxim/ros2_ws/src/talker_uint32t/build/talker_uint32t/install.log --single-version-externally-managed install_data
