[1.008s] Invoking command in '/home/maxim/ros2_ws/src/talker_uint32t': DEBUGINFOD_URLS=https://debuginfod.ubuntu.com PYTHONPATH=/home/maxim/ros2_ws/build/talker_uint32t/prefix_override:/usr/lib/python3/dist-packages/colcon_core/task/python/colcon_distutils_commands:/home/maxim/ros2_ws/install/talker_uint32t/lib/python3.12/site-packages:${PYTHONPATH} /usr/bin/python3 -W ignore:setup.py install is deprecated -W ignore:easy_install command is deprecated setup.py egg_info --egg-base ../../build/talker_uint32t build --build-base /home/maxim/ros2_ws/build/talker_uint32t/build install --record /home/maxim/ros2_ws/build/talker_uint32t/install.log --single-version-externally-managed install_data
[1.124s] running egg_info
[1.131s] writing ../../build/talker_uint32t/talker_uint32t.egg-info/PKG-INFO
[1.131s] writing dependency_links to ../../build/talker_uint32t/talker_uint32t.egg-info/dependency_links.txt
[1.132s] writing entry points to ../../build/talker_uint32t/talker_uint32t.egg-info/entry_points.txt
[1.132s] writing requirements to ../../build/talker_uint32t/talker_uint32t.egg-info/requires.txt
[1.132s] writing top-level names to ../../build/talker_uint32t/talker_uint32t.egg-info/top_level.txt
[1.146s] reading manifest file '../../build/talker_uint32t/talker_uint32t.egg-info/SOURCES.txt'
[1.147s] writing manifest file '../../build/talker_uint32t/talker_uint32t.egg-info/SOURCES.txt'
[1.147s] running build
[1.147s] running build_py
[1.147s] running install
[1.150s] running install_lib
[1.158s] running install_data
[1.158s] running install_egg_info
[1.166s] removing '/home/maxim/ros2_ws/install/talker_uint32t/lib/python3.12/site-packages/talker_uint32t-0.0.0-py3.12.egg-info' (and everything under it)
[1.166s] Copying ../../build/talker_uint32t/talker_uint32t.egg-info to /home/maxim/ros2_ws/install/talker_uint32t/lib/python3.12/site-packages/talker_uint32t-0.0.0-py3.12.egg-info
[1.166s] running install_scripts
[1.221s] Installing talker script to /home/maxim/ros2_ws/install/talker_uint32t/lib/talker_uint32t
[1.221s] writing list of installed files to '/home/maxim/ros2_ws/build/talker_uint32t/install.log'
[1.246s] Invoked command in '/home/maxim/ros2_ws/src/talker_uint32t' returned '0': DEBUGINFOD_URLS=https://debuginfod.ubuntu.com PYTHONPATH=/home/maxim/ros2_ws/build/talker_uint32t/prefix_override:/usr/lib/python3/dist-packages/colcon_core/task/python/colcon_distutils_commands:/home/maxim/ros2_ws/install/talker_uint32t/lib/python3.12/site-packages:${PYTHONPATH} /usr/bin/python3 -W ignore:setup.py install is deprecated -W ignore:easy_install command is deprecated setup.py egg_info --egg-base ../../build/talker_uint32t build --build-base /home/maxim/ros2_ws/build/talker_uint32t/build install --record /home/maxim/ros2_ws/build/talker_uint32t/install.log --single-version-externally-managed install_data
