[0.062s] Invoking command in '/home/maxim/ros2_ws/build/my_service_interfaces': CMAKE_PREFIX_PATH=${CMAKE_PREFIX_PATH}:/opt/ros/jazzy DEBUGINFOD_URLS=https://debuginfod.ubuntu.com /usr/bin/cmake --build /home/maxim/ros2_ws/build/my_service_interfaces -- -j24 -l24
[0.804s] [  2%] Built target my_service_interfaces__rosidl_generator_type_description
[0.804s] [  2%] Built target ament_cmake_python_copy_my_service_interfaces
[0.804s] [  5%] Built target my_service_interfaces__cpp
[0.804s] [ 20%] Built target my_service_interfaces__rosidl_generator_c
[0.805s] [ 29%] Built target my_service_interfaces__rosidl_typesupport_fastrtps_cpp
[0.805s] [ 55%] Built target my_service_interfaces__rosidl_typesupport_cpp
[0.805s] [ 55%] Built target my_service_interfaces__rosidl_typesupport_fastrtps_c
[0.805s] [ 64%] Built target my_service_interfaces__rosidl_typesupport_introspection_c
[0.805s] [ 64%] Built target my_service_interfaces__rosidl_typesupport_c
[0.805s] [ 73%] Built target my_service_interfaces__rosidl_typesupport_introspection_cpp
[0.805s] [ 73%] Built target my_service_interfaces
[0.805s] [ 76%] Built target my_service_interfaces__py
[0.805s] [ 82%] Built target my_service_interfaces__rosidl_generator_py
[0.805s] [ 97%] Built target my_service_interfaces_s__rosidl_typesupport_c
[0.806s] [ 97%] Built target my_service_interfaces_s__rosidl_typesupport_introspection_c
[0.806s] [100%] Built target my_service_interfaces_s__rosidl_typesupport_fastrtps_c
[0.806s] running egg_info
[0.806s] writing my_service_interfaces.egg-info/PKG-INFO
[0.806s] writing dependency_links to my_service_interfaces.egg-info/dependency_links.txt
[0.806s] writing top-level names to my_service_interfaces.egg-info/top_level.txt
[0.806s] reading manifest file 'my_service_interfaces.egg-info/SOURCES.txt'
[0.806s] writing manifest file 'my_service_interfaces.egg-info/SOURCES.txt'
[0.806s] [100%] Built target ament_cmake_python_build_my_service_interfaces_egg
[0.806s] Invoked command in '/home/maxim/ros2_ws/build/my_service_interfaces' returned '0': CMAKE_PREFIX_PATH=${CMAKE_PREFIX_PATH}:/opt/ros/jazzy DEBUGINFOD_URLS=https://debuginfod.ubuntu.com /usr/bin/cmake --build /home/maxim/ros2_ws/build/my_service_interfaces -- -j24 -l24
[0.821s] Invoking command in '/home/maxim/ros2_ws/build/my_service_interfaces': CMAKE_PREFIX_PATH=${CMAKE_PREFIX_PATH}:/opt/ros/jazzy DEBUGINFOD_URLS=https://debuginfod.ubuntu.com /usr/bin/cmake --install /home/maxim/ros2_ws/build/my_service_interfaces
[0.957s] -- Install configuration: ""
[0.958s] -- Up-to-date: /home/maxim/ros2_ws/install/my_service_interfaces/share/ament_index/resource_index/rosidl_interfaces/my_service_interfaces
[0.958s] -- Up-to-date: /home/maxim/ros2_ws/install/my_service_interfaces/share/my_service_interfaces/srv/SetVelocity.json
[0.958s] -- Up-to-date: /home/maxim/ros2_ws/install/my_service_interfaces/include/my_service_interfaces/my_service_interfaces
[0.958s] -- Up-to-date: /home/maxim/ros2_ws/install/my_service_interfaces/include/my_service_interfaces/my_service_interfaces/msg
[0.958s] -- Up-to-date: /home/maxim/ros2_ws/install/my_service_interfaces/include/my_service_interfaces/my_service_interfaces/msg/rosidl_generator_c__visibility_control.h
[0.958s] -- Up-to-date: /home/maxim/ros2_ws/install/my_service_interfaces/include/my_service_interfaces/my_service_interfaces/srv
[0.958s] -- Up-to-date: /home/maxim/ros2_ws/install/my_service_interfaces/include/my_service_interfaces/my_service_interfaces/srv/set_velocity.h
[0.958s] -- Up-to-date: /home/maxim/ros2_ws/install/my_service_interfaces/include/my_service_interfaces/my_service_interfaces/srv/detail
[0.958s] -- Up-to-date: /home/maxim/ros2_ws/install/my_service_interfaces/include/my_service_interfaces/my_service_interfaces/srv/detail/set_velocity__struct.h
[0.958s] -- Up-to-date: /home/maxim/ros2_ws/install/my_service_interfaces/include/my_service_interfaces/my_service_interfaces/srv/detail/set_velocity__functions.c
[0.958s] -- Up-to-date: /home/maxim/ros2_ws/install/my_service_interfaces/include/my_service_interfaces/my_service_interfaces/srv/detail/set_velocity__description.c
[0.958s] -- Up-to-date: /home/maxim/ros2_ws/install/my_service_interfaces/include/my_service_interfaces/my_service_interfaces/srv/detail/set_velocity__type_support.c
[0.959s] -- Up-to-date: /home/maxim/ros2_ws/install/my_service_interfaces/include/my_service_interfaces/my_service_interfaces/srv/detail/set_velocity__type_support.h
[0.959s] -- Up-to-date: /home/maxim/ros2_ws/install/my_service_interfaces/include/my_service_interfaces/my_service_interfaces/srv/detail/set_velocity__functions.h
[0.959s] -- Up-to-date: /home/maxim/ros2_ws/install/my_service_interfaces/share/my_service_interfaces/environment/library_path.sh
[0.959s] -- Up-to-date: /home/maxim/ros2_ws/install/my_service_interfaces/share/my_service_interfaces/environment/library_path.dsv
[0.959s] -- Up-to-date: /home/maxim/ros2_ws/install/my_service_interfaces/lib/libmy_service_interfaces__rosidl_generator_c.so
[0.959s] -- Up-to-date: /home/maxim/ros2_ws/install/my_service_interfaces/include/my_service_interfaces/my_service_interfaces
[0.959s] -- Up-to-date: /home/maxim/ros2_ws/install/my_service_interfaces/include/my_service_interfaces/my_service_interfaces/msg
[0.959s] -- Up-to-date: /home/maxim/ros2_ws/install/my_service_interfaces/include/my_service_interfaces/my_service_interfaces/msg/rosidl_typesupport_fastrtps_c__visibility_control.h
[0.959s] -- Up-to-date: /home/maxim/ros2_ws/install/my_service_interfaces/include/my_service_interfaces/my_service_interfaces/srv
[0.959s] -- Up-to-date: /home/maxim/ros2_ws/install/my_service_interfaces/include/my_service_interfaces/my_service_interfaces/srv/detail
[0.959s] -- Up-to-date: /home/maxim/ros2_ws/install/my_service_interfaces/include/my_service_interfaces/my_service_interfaces/srv/detail/set_velocity__rosidl_typesupport_fastrtps_c.h
[0.959s] -- Up-to-date: /home/maxim/ros2_ws/install/my_service_interfaces/lib/libmy_service_interfaces__rosidl_typesupport_fastrtps_c.so
[0.959s] -- Up-to-date: /home/maxim/ros2_ws/install/my_service_interfaces/include/my_service_interfaces/my_service_interfaces
[0.959s] -- Up-to-date: /home/maxim/ros2_ws/install/my_service_interfaces/include/my_service_interfaces/my_service_interfaces/msg
[0.959s] -- Up-to-date: /home/maxim/ros2_ws/install/my_service_interfaces/include/my_service_interfaces/my_service_interfaces/msg/rosidl_typesupport_introspection_c__visibility_control.h
[0.959s] -- Up-to-date: /home/maxim/ros2_ws/install/my_service_interfaces/include/my_service_interfaces/my_service_interfaces/srv
[0.959s] -- Up-to-date: /home/maxim/ros2_ws/install/my_service_interfaces/include/my_service_interfaces/my_service_interfaces/srv/detail
[0.959s] -- Up-to-date: /home/maxim/ros2_ws/install/my_service_interfaces/include/my_service_interfaces/my_service_interfaces/srv/detail/set_velocity__type_support.c
[0.959s] -- Up-to-date: /home/maxim/ros2_ws/install/my_service_interfaces/include/my_service_interfaces/my_service_interfaces/srv/detail/set_velocity__rosidl_typesupport_introspection_c.h
[0.960s] -- Up-to-date: /home/maxim/ros2_ws/install/my_service_interfaces/lib/libmy_service_interfaces__rosidl_typesupport_introspection_c.so
[0.960s] -- Up-to-date: /home/maxim/ros2_ws/install/my_service_interfaces/lib/libmy_service_interfaces__rosidl_typesupport_c.so
[0.960s] -- Up-to-date: /home/maxim/ros2_ws/install/my_service_interfaces/include/my_service_interfaces/my_service_interfaces
[0.960s] -- Up-to-date: /home/maxim/ros2_ws/install/my_service_interfaces/include/my_service_interfaces/my_service_interfaces/msg
[0.960s] -- Up-to-date: /home/maxim/ros2_ws/install/my_service_interfaces/include/my_service_interfaces/my_service_interfaces/msg/rosidl_generator_cpp__visibility_control.hpp
[0.960s] -- Up-to-date: /home/maxim/ros2_ws/install/my_service_interfaces/include/my_service_interfaces/my_service_interfaces/srv
[0.960s] -- Up-to-date: /home/maxim/ros2_ws/install/my_service_interfaces/include/my_service_interfaces/my_service_interfaces/srv/detail
[0.960s] -- Up-to-date: /home/maxim/ros2_ws/install/my_service_interfaces/include/my_service_interfaces/my_service_interfaces/srv/detail/set_velocity__type_support.hpp
[0.960s] -- Up-to-date: /home/maxim/ros2_ws/install/my_service_interfaces/include/my_service_interfaces/my_service_interfaces/srv/detail/set_velocity__builder.hpp
[0.960s] -- Up-to-date: /home/maxim/ros2_ws/install/my_service_interfaces/include/my_service_interfaces/my_service_interfaces/srv/detail/set_velocity__struct.hpp
[0.960s] -- Up-to-date: /home/maxim/ros2_ws/install/my_service_interfaces/include/my_service_interfaces/my_service_interfaces/srv/detail/set_velocity__traits.hpp
[0.961s] -- Up-to-date: /home/maxim/ros2_ws/install/my_service_interfaces/include/my_service_interfaces/my_service_interfaces/srv/set_velocity.hpp
[0.961s] -- Up-to-date: /home/maxim/ros2_ws/install/my_service_interfaces/include/my_service_interfaces/my_service_interfaces
[0.961s] -- Up-to-date: /home/maxim/ros2_ws/install/my_service_interfaces/include/my_service_interfaces/my_service_interfaces/msg
[0.961s] -- Up-to-date: /home/maxim/ros2_ws/install/my_service_interfaces/include/my_service_interfaces/my_service_interfaces/msg/rosidl_typesupport_fastrtps_cpp__visibility_control.h
[0.961s] -- Up-to-date: /home/maxim/ros2_ws/install/my_service_interfaces/include/my_service_interfaces/my_service_interfaces/srv
[0.961s] -- Up-to-date: /home/maxim/ros2_ws/install/my_service_interfaces/include/my_service_interfaces/my_service_interfaces/srv/detail
[0.962s] -- Up-to-date: /home/maxim/ros2_ws/install/my_service_interfaces/include/my_service_interfaces/my_service_interfaces/srv/detail/dds_fastrtps
[0.962s] -- Up-to-date: /home/maxim/ros2_ws/install/my_service_interfaces/include/my_service_interfaces/my_service_interfaces/srv/detail/set_velocity__rosidl_typesupport_fastrtps_cpp.hpp
[0.962s] -- Up-to-date: /home/maxim/ros2_ws/install/my_service_interfaces/lib/libmy_service_interfaces__rosidl_typesupport_fastrtps_cpp.so
[0.962s] -- Up-to-date: /home/maxim/ros2_ws/install/my_service_interfaces/include/my_service_interfaces/my_service_interfaces
[0.963s] -- Up-to-date: /home/maxim/ros2_ws/install/my_service_interfaces/include/my_service_interfaces/my_service_interfaces/srv
[0.963s] -- Up-to-date: /home/maxim/ros2_ws/install/my_service_interfaces/include/my_service_interfaces/my_service_interfaces/srv/detail
[0.963s] -- Up-to-date: /home/maxim/ros2_ws/install/my_service_interfaces/include/my_service_interfaces/my_service_interfaces/srv/detail/set_velocity__type_support.cpp
[0.963s] -- Up-to-date: /home/maxim/ros2_ws/install/my_service_interfaces/include/my_service_interfaces/my_service_interfaces/srv/detail/set_velocity__rosidl_typesupport_introspection_cpp.hpp
[0.963s] -- Up-to-date: /home/maxim/ros2_ws/install/my_service_interfaces/lib/libmy_service_interfaces__rosidl_typesupport_introspection_cpp.so
[0.963s] -- Up-to-date: /home/maxim/ros2_ws/install/my_service_interfaces/lib/libmy_service_interfaces__rosidl_typesupport_cpp.so
[0.963s] -- Up-to-date: /home/maxim/ros2_ws/install/my_service_interfaces/share/my_service_interfaces/environment/pythonpath.sh
[0.963s] -- Up-to-date: /home/maxim/ros2_ws/install/my_service_interfaces/share/my_service_interfaces/environment/pythonpath.dsv
[0.963s] -- Up-to-date: /home/maxim/ros2_ws/install/my_service_interfaces/lib/python3.12/site-packages/my_service_interfaces-0.0.0-py3.12.egg-info
[0.963s] -- Installing: /home/maxim/ros2_ws/install/my_service_interfaces/lib/python3.12/site-packages/my_service_interfaces-0.0.0-py3.12.egg-info/PKG-INFO
[0.964s] -- Installing: /home/maxim/ros2_ws/install/my_service_interfaces/lib/python3.12/site-packages/my_service_interfaces-0.0.0-py3.12.egg-info/top_level.txt
[0.965s] -- Installing: /home/maxim/ros2_ws/install/my_service_interfaces/lib/python3.12/site-packages/my_service_interfaces-0.0.0-py3.12.egg-info/SOURCES.txt
[0.965s] -- Installing: /home/maxim/ros2_ws/install/my_service_interfaces/lib/python3.12/site-packages/my_service_interfaces-0.0.0-py3.12.egg-info/dependency_links.txt
[0.965s] -- Up-to-date: /home/maxim/ros2_ws/install/my_service_interfaces/lib/python3.12/site-packages/my_service_interfaces
[0.966s] -- Up-to-date: /home/maxim/ros2_ws/install/my_service_interfaces/lib/python3.12/site-packages/my_service_interfaces/_my_service_interfaces_s.ep.rosidl_typesupport_c.c
[0.966s] -- Up-to-date: /home/maxim/ros2_ws/install/my_service_interfaces/lib/python3.12/site-packages/my_service_interfaces/my_service_interfaces_s__rosidl_typesupport_c.so
[0.966s] -- Up-to-date: /home/maxim/ros2_ws/install/my_service_interfaces/lib/python3.12/site-packages/my_service_interfaces/my_service_interfaces_s__rosidl_typesupport_introspection_c.so
[0.966s] -- Up-to-date: /home/maxim/ros2_ws/install/my_service_interfaces/lib/python3.12/site-packages/my_service_interfaces/srv
[0.966s] -- Up-to-date: /home/maxim/ros2_ws/install/my_service_interfaces/lib/python3.12/site-packages/my_service_interfaces/srv/_set_velocity_s.c
[0.966s] -- Up-to-date: /home/maxim/ros2_ws/install/my_service_interfaces/lib/python3.12/site-packages/my_service_interfaces/srv/_set_velocity.py
[0.966s] -- Up-to-date: /home/maxim/ros2_ws/install/my_service_interfaces/lib/python3.12/site-packages/my_service_interfaces/srv/__init__.py
[0.966s] -- Up-to-date: /home/maxim/ros2_ws/install/my_service_interfaces/lib/python3.12/site-packages/my_service_interfaces/_my_service_interfaces_s.ep.rosidl_typesupport_fastrtps_c.c
[0.966s] -- Up-to-date: /home/maxim/ros2_ws/install/my_service_interfaces/lib/python3.12/site-packages/my_service_interfaces/_my_service_interfaces_s.ep.rosidl_typesupport_introspection_c.c
[0.966s] -- Up-to-date: /home/maxim/ros2_ws/install/my_service_interfaces/lib/python3.12/site-packages/my_service_interfaces/__init__.py
[0.967s] -- Up-to-date: /home/maxim/ros2_ws/install/my_service_interfaces/lib/python3.12/site-packages/my_service_interfaces/my_service_interfaces_s__rosidl_typesupport_fastrtps_c.so
[0.967s] Listing '/home/maxim/ros2_ws/install/my_service_interfaces/lib/python3.12/site-packages/my_service_interfaces'...
[0.967s] Listing '/home/maxim/ros2_ws/install/my_service_interfaces/lib/python3.12/site-packages/my_service_interfaces/srv'...
[0.967s] -- Up-to-date: /home/maxim/ros2_ws/install/my_service_interfaces/lib/python3.12/site-packages/my_service_interfaces/my_service_interfaces_s__rosidl_typesupport_fastrtps_c.so
[0.967s] -- Up-to-date: /home/maxim/ros2_ws/install/my_service_interfaces/lib/python3.12/site-packages/my_service_interfaces/my_service_interfaces_s__rosidl_typesupport_introspection_c.so
[0.967s] -- Up-to-date: /home/maxim/ros2_ws/install/my_service_interfaces/lib/python3.12/site-packages/my_service_interfaces/my_service_interfaces_s__rosidl_typesupport_c.so
[0.967s] -- Up-to-date: /home/maxim/ros2_ws/install/my_service_interfaces/lib/libmy_service_interfaces__rosidl_generator_py.so
[0.968s] -- Up-to-date: /home/maxim/ros2_ws/install/my_service_interfaces/share/my_service_interfaces/srv/SetVelocity.idl
[0.968s] -- Up-to-date: /home/maxim/ros2_ws/install/my_service_interfaces/share/my_service_interfaces/srv/SetVelocity.srv
[0.968s] -- Up-to-date: /home/maxim/ros2_ws/install/my_service_interfaces/share/ament_index/resource_index/package_run_dependencies/my_service_interfaces
[0.968s] -- Up-to-date: /home/maxim/ros2_ws/install/my_service_interfaces/share/ament_index/resource_index/parent_prefix_path/my_service_interfaces
[0.968s] -- Up-to-date: /home/maxim/ros2_ws/install/my_service_interfaces/share/my_service_interfaces/environment/ament_prefix_path.sh
[0.968s] -- Up-to-date: /home/maxim/ros2_ws/install/my_service_interfaces/share/my_service_interfaces/environment/ament_prefix_path.dsv
[0.968s] -- Up-to-date: /home/maxim/ros2_ws/install/my_service_interfaces/share/my_service_interfaces/environment/path.sh
[0.968s] -- Up-to-date: /home/maxim/ros2_ws/install/my_service_interfaces/share/my_service_interfaces/environment/path.dsv
[0.968s] -- Up-to-date: /home/maxim/ros2_ws/install/my_service_interfaces/share/my_service_interfaces/local_setup.bash
[0.968s] -- Up-to-date: /home/maxim/ros2_ws/install/my_service_interfaces/share/my_service_interfaces/local_setup.sh
[0.968s] -- Up-to-date: /home/maxim/ros2_ws/install/my_service_interfaces/share/my_service_interfaces/local_setup.zsh
[0.968s] -- Up-to-date: /home/maxim/ros2_ws/install/my_service_interfaces/share/my_service_interfaces/local_setup.dsv
[0.969s] -- Installing: /home/maxim/ros2_ws/install/my_service_interfaces/share/my_service_interfaces/package.dsv
[0.969s] -- Up-to-date: /home/maxim/ros2_ws/install/my_service_interfaces/share/ament_index/resource_index/packages/my_service_interfaces
[0.969s] -- Up-to-date: /home/maxim/ros2_ws/install/my_service_interfaces/share/my_service_interfaces/cmake/export_my_service_interfaces__rosidl_generator_cExport.cmake
[0.969s] -- Up-to-date: /home/maxim/ros2_ws/install/my_service_interfaces/share/my_service_interfaces/cmake/export_my_service_interfaces__rosidl_generator_cExport-noconfig.cmake
[0.969s] -- Up-to-date: /home/maxim/ros2_ws/install/my_service_interfaces/share/my_service_interfaces/cmake/export_my_service_interfaces__rosidl_typesupport_fastrtps_cExport.cmake
[0.969s] -- Up-to-date: /home/maxim/ros2_ws/install/my_service_interfaces/share/my_service_interfaces/cmake/export_my_service_interfaces__rosidl_typesupport_fastrtps_cExport-noconfig.cmake
[0.969s] -- Up-to-date: /home/maxim/ros2_ws/install/my_service_interfaces/share/my_service_interfaces/cmake/my_service_interfaces__rosidl_typesupport_introspection_cExport.cmake
[0.969s] -- Up-to-date: /home/maxim/ros2_ws/install/my_service_interfaces/share/my_service_interfaces/cmake/my_service_interfaces__rosidl_typesupport_introspection_cExport-noconfig.cmake
[0.969s] -- Up-to-date: /home/maxim/ros2_ws/install/my_service_interfaces/share/my_service_interfaces/cmake/my_service_interfaces__rosidl_typesupport_cExport.cmake
[0.970s] -- Up-to-date: /home/maxim/ros2_ws/install/my_service_interfaces/share/my_service_interfaces/cmake/my_service_interfaces__rosidl_typesupport_cExport-noconfig.cmake
[0.970s] -- Up-to-date: /home/maxim/ros2_ws/install/my_service_interfaces/share/my_service_interfaces/cmake/export_my_service_interfaces__rosidl_generator_cppExport.cmake
[0.970s] -- Up-to-date: /home/maxim/ros2_ws/install/my_service_interfaces/share/my_service_interfaces/cmake/export_my_service_interfaces__rosidl_typesupport_fastrtps_cppExport.cmake
[0.970s] -- Up-to-date: /home/maxim/ros2_ws/install/my_service_interfaces/share/my_service_interfaces/cmake/export_my_service_interfaces__rosidl_typesupport_fastrtps_cppExport-noconfig.cmake
[0.970s] -- Up-to-date: /home/maxim/ros2_ws/install/my_service_interfaces/share/my_service_interfaces/cmake/my_service_interfaces__rosidl_typesupport_introspection_cppExport.cmake
[0.970s] -- Up-to-date: /home/maxim/ros2_ws/install/my_service_interfaces/share/my_service_interfaces/cmake/my_service_interfaces__rosidl_typesupport_introspection_cppExport-noconfig.cmake
[0.970s] -- Up-to-date: /home/maxim/ros2_ws/install/my_service_interfaces/share/my_service_interfaces/cmake/my_service_interfaces__rosidl_typesupport_cppExport.cmake
[0.971s] -- Up-to-date: /home/maxim/ros2_ws/install/my_service_interfaces/share/my_service_interfaces/cmake/my_service_interfaces__rosidl_typesupport_cppExport-noconfig.cmake
[0.971s] -- Up-to-date: /home/maxim/ros2_ws/install/my_service_interfaces/share/my_service_interfaces/cmake/export_my_service_interfaces__rosidl_generator_pyExport.cmake
[0.971s] -- Up-to-date: /home/maxim/ros2_ws/install/my_service_interfaces/share/my_service_interfaces/cmake/export_my_service_interfaces__rosidl_generator_pyExport-noconfig.cmake
[0.971s] -- Up-to-date: /home/maxim/ros2_ws/install/my_service_interfaces/share/my_service_interfaces/cmake/rosidl_cmake-extras.cmake
[0.971s] -- Up-to-date: /home/maxim/ros2_ws/install/my_service_interfaces/share/my_service_interfaces/cmake/ament_cmake_export_dependencies-extras.cmake
[0.971s] -- Up-to-date: /home/maxim/ros2_ws/install/my_service_interfaces/share/my_service_interfaces/cmake/ament_cmake_export_include_directories-extras.cmake
[0.972s] -- Up-to-date: /home/maxim/ros2_ws/install/my_service_interfaces/share/my_service_interfaces/cmake/ament_cmake_export_libraries-extras.cmake
[0.972s] -- Up-to-date: /home/maxim/ros2_ws/install/my_service_interfaces/share/my_service_interfaces/cmake/ament_cmake_export_targets-extras.cmake
[0.973s] -- Up-to-date: /home/maxim/ros2_ws/install/my_service_interfaces/share/my_service_interfaces/cmake/rosidl_cmake_export_typesupport_targets-extras.cmake
[0.973s] -- Up-to-date: /home/maxim/ros2_ws/install/my_service_interfaces/share/my_service_interfaces/cmake/rosidl_cmake_export_typesupport_libraries-extras.cmake
[0.973s] -- Up-to-date: /home/maxim/ros2_ws/install/my_service_interfaces/share/my_service_interfaces/cmake/my_service_interfacesConfig.cmake
[0.973s] -- Up-to-date: /home/maxim/ros2_ws/install/my_service_interfaces/share/my_service_interfaces/cmake/my_service_interfacesConfig-version.cmake
[0.973s] -- Up-to-date: /home/maxim/ros2_ws/install/my_service_interfaces/share/my_service_interfaces/package.xml
[0.979s] Invoked command in '/home/maxim/ros2_ws/build/my_service_interfaces' returned '0': CMAKE_PREFIX_PATH=${CMAKE_PREFIX_PATH}:/opt/ros/jazzy DEBUGINFOD_URLS=https://debuginfod.ubuntu.com /usr/bin/cmake --install /home/maxim/ros2_ws/build/my_service_interfaces
