running egg_info
writing build/snake/snake.egg-info/PKG-INFO
writing dependency_links to build/snake/snake.egg-info/dependency_links.txt
writing entry points to build/snake/snake.egg-info/entry_points.txt
writing requirements to build/snake/snake.egg-info/requires.txt
writing top-level names to build/snake/snake.egg-info/top_level.txt
reading manifest file 'build/snake/snake.egg-info/SOURCES.txt'
writing manifest file 'build/snake/snake.egg-info/SOURCES.txt'
running build
running build_py
running install
running install_lib
running install_data
running install_egg_info
removing '/home/maxim/ros2_ws/src/snake/install/snake/lib/python3.12/site-packages/snake-0.0.0-py3.12.egg-info' (and everything under it)
Copying build/snake/snake.egg-info to /home/maxim/ros2_ws/src/snake/install/snake/lib/python3.12/site-packages/snake-0.0.0-py3.12.egg-info
running install_scripts
Installing follow script to /home/maxim/ros2_ws/src/snake/install/snake/lib/snake
Installing snake script to /home/maxim/ros2_ws/src/snake/install/snake/lib/snake
writing list of installed files to '/home/maxim/ros2_ws/src/snake/build/snake/install.log'
