[0.081s] DEBUG:colcon:Command line arguments: ['/usr/bin/colcon', 'build', '--packages-select', 'snake']
[0.081s] DEBUG:colcon:Parsed command line arguments: Namespace(log_base=None, log_level=None, verb_name='build', build_base='build', install_base='install', merge_install=False, symlink_install=False, test_result_base=None, continue_on_error=False, executor='parallel', parallel_workers=24, event_handlers=None, ignore_user_meta=False, metas=['./colcon.meta'], base_paths=['.'], packages_ignore=None, packages_ignore_regex=None, paths=None, packages_up_to=None, packages_up_to_regex=None, packages_above=None, packages_above_and_dependencies=None, packages_above_depth=None, packages_select_by_dep=None, packages_skip_by_dep=None, packages_skip_up_to=None, packages_select_build_failed=False, packages_skip_build_finished=False, packages_select_test_failures=False, packages_skip_test_passed=False, packages_select=['snake'], packages_skip=None, packages_select_regex=None, packages_skip_regex=None, packages_start=None, packages_end=None, allow_overriding=[], cmake_args=None, cmake_target=None, cmake_target_skip_unavailable=False, cmake_clean_cache=False, cmake_clean_first=False, cmake_force_configure=False, ament_cmake_args=None, catkin_cmake_args=None, catkin_skip_building_tests=False, mixin_files=None, mixin=None, verb_parser=<colcon_mixin.mixin.mixin_argument.MixinArgumentDecorator object at 0x761802184050>, verb_extension=<colcon_core.verb.build.BuildVerb object at 0x761802157d10>, main=<bound method BuildVerb.main of <colcon_core.verb.build.BuildVerb object at 0x761802157d10>>, mixin_verb=('build',))
[0.112s] Level 1:colcon.colcon_core.package_discovery:discover_packages(colcon_meta) check parameters
[0.112s] Level 1:colcon.colcon_core.package_discovery:discover_packages(recursive) check parameters
[0.112s] Level 1:colcon.colcon_core.package_discovery:discover_packages(ignore) check parameters
[0.112s] Level 1:colcon.colcon_core.package_discovery:discover_packages(path) check parameters
[0.112s] Level 1:colcon.colcon_core.package_discovery:discover_packages(colcon_meta) discover
[0.113s] Level 1:colcon.colcon_core.package_discovery:discover_packages(recursive) discover
[0.113s] INFO:colcon.colcon_core.package_discovery:Crawling recursively for packages in '/home/maxim/ros2_ws/src/snake'
[0.113s] Level 1:colcon.colcon_core.package_identification:_identify(.) by extensions ['ignore', 'ignore_ament_install']
[0.113s] Level 1:colcon.colcon_core.package_identification:_identify(.) by extension 'ignore'
[0.113s] Level 1:colcon.colcon_core.package_identification:_identify(.) by extension 'ignore_ament_install'
[0.113s] Level 1:colcon.colcon_core.package_identification:_identify(.) by extensions ['colcon_pkg']
[0.113s] Level 1:colcon.colcon_core.package_identification:_identify(.) by extension 'colcon_pkg'
[0.113s] Level 1:colcon.colcon_core.package_identification:_identify(.) by extensions ['colcon_meta']
[0.113s] Level 1:colcon.colcon_core.package_identification:_identify(.) by extension 'colcon_meta'
[0.113s] Level 1:colcon.colcon_core.package_identification:_identify(.) by extensions ['ros']
[0.113s] Level 1:colcon.colcon_core.package_identification:_identify(.) by extension 'ros'
[0.137s] DEBUG:colcon.colcon_core.package_identification:Package '.' with type 'ros.ament_python' and name 'snake'
[0.138s] Level 1:colcon.colcon_core.package_discovery:discover_packages(recursive) using defaults
[0.138s] Level 1:colcon.colcon_core.package_discovery:discover_packages(ignore) discover
[0.138s] Level 1:colcon.colcon_core.package_discovery:discover_packages(ignore) using defaults
[0.138s] Level 1:colcon.colcon_core.package_discovery:discover_packages(path) discover
[0.138s] Level 1:colcon.colcon_core.package_discovery:discover_packages(path) using defaults
[0.154s] Level 1:colcon.colcon_core.package_discovery:discover_packages(prefix_path) check parameters
[0.154s] Level 1:colcon.colcon_core.package_discovery:discover_packages(prefix_path) discover
[0.155s] DEBUG:colcon.colcon_installed_package_information.package_discovery:Found 1 installed packages in /home/maxim/ros2_ws/src/snake/install
[0.156s] DEBUG:colcon.colcon_installed_package_information.package_discovery:Found 315 installed packages in /opt/ros/jazzy
[0.157s] Level 1:colcon.colcon_core.package_discovery:discover_packages(prefix_path) using defaults
[0.187s] Level 5:colcon.colcon_core.verb:set package 'snake' build argument 'cmake_args' from command line to 'None'
[0.187s] Level 5:colcon.colcon_core.verb:set package 'snake' build argument 'cmake_target' from command line to 'None'
[0.187s] Level 5:colcon.colcon_core.verb:set package 'snake' build argument 'cmake_target_skip_unavailable' from command line to 'False'
[0.187s] Level 5:colcon.colcon_core.verb:set package 'snake' build argument 'cmake_clean_cache' from command line to 'False'
[0.187s] Level 5:colcon.colcon_core.verb:set package 'snake' build argument 'cmake_clean_first' from command line to 'False'
[0.187s] Level 5:colcon.colcon_core.verb:set package 'snake' build argument 'cmake_force_configure' from command line to 'False'
[0.187s] Level 5:colcon.colcon_core.verb:set package 'snake' build argument 'ament_cmake_args' from command line to 'None'
[0.187s] Level 5:colcon.colcon_core.verb:set package 'snake' build argument 'catkin_cmake_args' from command line to 'None'
[0.187s] Level 5:colcon.colcon_core.verb:set package 'snake' build argument 'catkin_skip_building_tests' from command line to 'False'
[0.187s] DEBUG:colcon.colcon_core.verb:Building package 'snake' with the following arguments: {'ament_cmake_args': None, 'build_base': '/home/maxim/ros2_ws/src/snake/build/snake', 'catkin_cmake_args': None, 'catkin_skip_building_tests': False, 'cmake_args': None, 'cmake_clean_cache': False, 'cmake_clean_first': False, 'cmake_force_configure': False, 'cmake_target': None, 'cmake_target_skip_unavailable': False, 'install_base': '/home/maxim/ros2_ws/src/snake/install/snake', 'merge_install': False, 'path': '/home/maxim/ros2_ws/src/snake', 'symlink_install': False, 'test_result_base': None}
[0.187s] INFO:colcon.colcon_core.executor:Executing jobs using 'parallel' executor
[0.188s] DEBUG:colcon.colcon_parallel_executor.executor.parallel:run_until_complete
[0.188s] INFO:colcon.colcon_ros.task.ament_python.build:Building ROS package in '/home/maxim/ros2_ws/src/snake' with build type 'ament_python'
[0.188s] Level 1:colcon.colcon_core.shell:create_environment_hook('snake', 'ament_prefix_path')
[0.190s] INFO:colcon.colcon_core.plugin_system:Skipping extension 'colcon_core.shell.bat': Not used on non-Windows systems
[0.190s] INFO:colcon.colcon_core.shell:Creating environment hook '/home/maxim/ros2_ws/src/snake/install/snake/share/snake/hook/ament_prefix_path.ps1'
[0.191s] INFO:colcon.colcon_core.shell:Creating environment descriptor '/home/maxim/ros2_ws/src/snake/install/snake/share/snake/hook/ament_prefix_path.dsv'
[0.191s] INFO:colcon.colcon_core.shell:Creating environment hook '/home/maxim/ros2_ws/src/snake/install/snake/share/snake/hook/ament_prefix_path.sh'
[0.192s] INFO:colcon.colcon_core.shell:Skip shell extension 'powershell' for command environment: Not usable outside of PowerShell
[0.192s] DEBUG:colcon.colcon_core.shell:Skip shell extension 'dsv' for command environment
[0.360s] INFO:colcon.colcon_core.task.python.build:Building Python package in '/home/maxim/ros2_ws/src/snake'
[0.361s] INFO:colcon.colcon_core.shell:Skip shell extension 'powershell' for command environment: Not usable outside of PowerShell
[0.361s] DEBUG:colcon.colcon_core.shell:Skip shell extension 'dsv' for command environment
[0.815s] DEBUG:colcon.colcon_core.event_handler.log_command:Invoking command in '/home/maxim/ros2_ws/src/snake': DEBUGINFOD_URLS=https://debuginfod.ubuntu.com PYTHONPATH=/home/maxim/ros2_ws/src/snake/build/snake/prefix_override:/usr/lib/python3/dist-packages/colcon_core/task/python/colcon_distutils_commands:/home/maxim/ros2_ws/src/snake/install/snake/lib/python3.12/site-packages:${PYTHONPATH} /usr/bin/python3 -W ignore:setup.py install is deprecated -W ignore:easy_install command is deprecated setup.py egg_info --egg-base build/snake build --build-base /home/maxim/ros2_ws/src/snake/build/snake/build install --record /home/maxim/ros2_ws/src/snake/build/snake/install.log --single-version-externally-managed install_data
[1.122s] DEBUG:colcon.colcon_core.event_handler.log_command:Invoked command in '/home/maxim/ros2_ws/src/snake' returned '0': DEBUGINFOD_URLS=https://debuginfod.ubuntu.com PYTHONPATH=/home/maxim/ros2_ws/src/snake/build/snake/prefix_override:/usr/lib/python3/dist-packages/colcon_core/task/python/colcon_distutils_commands:/home/maxim/ros2_ws/src/snake/install/snake/lib/python3.12/site-packages:${PYTHONPATH} /usr/bin/python3 -W ignore:setup.py install is deprecated -W ignore:easy_install command is deprecated setup.py egg_info --egg-base build/snake build --build-base /home/maxim/ros2_ws/src/snake/build/snake/build install --record /home/maxim/ros2_ws/src/snake/build/snake/install.log --single-version-externally-managed install_data
[1.123s] Level 1:colcon.colcon_core.environment:checking '/home/maxim/ros2_ws/src/snake/install/snake' for CMake module files
[1.124s] Level 1:colcon.colcon_core.environment:checking '/home/maxim/ros2_ws/src/snake/install/snake' for CMake config files
[1.124s] Level 1:colcon.colcon_core.environment:checking '/home/maxim/ros2_ws/src/snake/install/snake/lib'
[1.124s] Level 1:colcon.colcon_core.environment:checking '/home/maxim/ros2_ws/src/snake/install/snake/bin'
[1.124s] Level 1:colcon.colcon_core.environment:checking '/home/maxim/ros2_ws/src/snake/install/snake/lib/pkgconfig/snake.pc'
[1.124s] Level 1:colcon.colcon_core.environment:checking '/home/maxim/ros2_ws/src/snake/install/snake/lib/python3.12/site-packages'
[1.124s] Level 1:colcon.colcon_core.shell:create_environment_hook('snake', 'pythonpath')
[1.125s] INFO:colcon.colcon_core.shell:Creating environment hook '/home/maxim/ros2_ws/src/snake/install/snake/share/snake/hook/pythonpath.ps1'
[1.125s] INFO:colcon.colcon_core.shell:Creating environment descriptor '/home/maxim/ros2_ws/src/snake/install/snake/share/snake/hook/pythonpath.dsv'
[1.125s] INFO:colcon.colcon_core.shell:Creating environment hook '/home/maxim/ros2_ws/src/snake/install/snake/share/snake/hook/pythonpath.sh'
[1.125s] Level 1:colcon.colcon_core.environment:checking '/home/maxim/ros2_ws/src/snake/install/snake/bin'
[1.125s] Level 1:colcon.colcon_core.environment:create_environment_scripts_only(snake)
[1.125s] INFO:colcon.colcon_core.shell:Creating package script '/home/maxim/ros2_ws/src/snake/install/snake/share/snake/package.ps1'
[1.126s] INFO:colcon.colcon_core.shell:Creating package descriptor '/home/maxim/ros2_ws/src/snake/install/snake/share/snake/package.dsv'
[1.126s] INFO:colcon.colcon_core.shell:Creating package script '/home/maxim/ros2_ws/src/snake/install/snake/share/snake/package.sh'
[1.126s] INFO:colcon.colcon_core.shell:Creating package script '/home/maxim/ros2_ws/src/snake/install/snake/share/snake/package.bash'
[1.127s] INFO:colcon.colcon_core.shell:Creating package script '/home/maxim/ros2_ws/src/snake/install/snake/share/snake/package.zsh'
[1.127s] Level 1:colcon.colcon_core.environment:create_file_with_runtime_dependencies(/home/maxim/ros2_ws/src/snake/install/snake/share/colcon-core/packages/snake)
[1.127s] DEBUG:colcon.colcon_parallel_executor.executor.parallel:closing loop
[1.127s] DEBUG:colcon.colcon_parallel_executor.executor.parallel:loop closed
[1.127s] DEBUG:colcon.colcon_parallel_executor.executor.parallel:run_until_complete finished with '0'
[1.127s] DEBUG:colcon.colcon_core.event_reactor:joining thread
[1.134s] INFO:colcon.colcon_core.plugin_system:Skipping extension 'colcon_notification.desktop_notification.terminal_notifier': Not used on non-Darwin systems
[1.135s] INFO:colcon.colcon_core.plugin_system:Skipping extension 'colcon_notification.desktop_notification.win32': Not used on non-Windows systems
[1.135s] INFO:colcon.colcon_notification.desktop_notification:Sending desktop notification using 'notify2'
[1.154s] DEBUG:colcon.colcon_core.event_reactor:joined thread
[1.154s] INFO:colcon.colcon_core.shell:Creating prefix script '/home/maxim/ros2_ws/src/snake/install/local_setup.ps1'
[1.155s] INFO:colcon.colcon_core.shell:Creating prefix util module '/home/maxim/ros2_ws/src/snake/install/_local_setup_util_ps1.py'
[1.155s] INFO:colcon.colcon_core.shell:Creating prefix chain script '/home/maxim/ros2_ws/src/snake/install/setup.ps1'
[1.156s] INFO:colcon.colcon_core.shell:Creating prefix script '/home/maxim/ros2_ws/src/snake/install/local_setup.sh'
[1.156s] INFO:colcon.colcon_core.shell:Creating prefix util module '/home/maxim/ros2_ws/src/snake/install/_local_setup_util_sh.py'
[1.156s] INFO:colcon.colcon_core.shell:Creating prefix chain script '/home/maxim/ros2_ws/src/snake/install/setup.sh'
[1.157s] INFO:colcon.colcon_core.shell:Creating prefix script '/home/maxim/ros2_ws/src/snake/install/local_setup.bash'
[1.157s] INFO:colcon.colcon_core.shell:Creating prefix chain script '/home/maxim/ros2_ws/src/snake/install/setup.bash'
[1.157s] INFO:colcon.colcon_core.shell:Creating prefix script '/home/maxim/ros2_ws/src/snake/install/local_setup.zsh'
[1.157s] INFO:colcon.colcon_core.shell:Creating prefix chain script '/home/maxim/ros2_ws/src/snake/install/setup.zsh'
