[1.354s] Invoking command in '/home/maxim/ros2_ws/src/my_turtle_controller': DEBUGINFOD_URLS=https://debuginfod.ubuntu.com PYTHONPATH=/home/maxim/ros2_ws/build/my_turtle_controller/prefix_override:/usr/lib/python3/dist-packages/colcon_core/task/python/colcon_distutils_commands:/home/maxim/ros2_ws/install/my_turtle_controller/lib/python3.12/site-packages:${PYTHONPATH} /usr/bin/python3 -W ignore:setup.py install is deprecated -W ignore:easy_install command is deprecated setup.py egg_info --egg-base ../../build/my_turtle_controller build --build-base /home/maxim/ros2_ws/build/my_turtle_controller/build install --record /home/maxim/ros2_ws/build/my_turtle_controller/install.log --single-version-externally-managed install_data
[1.475s] running egg_info
[1.482s] writing ../../build/my_turtle_controller/my_turtle_controller.egg-info/PKG-INFO
[1.482s] writing dependency_links to ../../build/my_turtle_controller/my_turtle_controller.egg-info/dependency_links.txt
[1.482s] writing entry points to ../../build/my_turtle_controller/my_turtle_controller.egg-info/entry_points.txt
[1.483s] writing requirements to ../../build/my_turtle_controller/my_turtle_controller.egg-info/requires.txt
[1.483s] writing top-level names to ../../build/my_turtle_controller/my_turtle_controller.egg-info/top_level.txt
[1.497s] reading manifest file '../../build/my_turtle_controller/my_turtle_controller.egg-info/SOURCES.txt'
[1.498s] writing manifest file '../../build/my_turtle_controller/my_turtle_controller.egg-info/SOURCES.txt'
[1.498s] running build
[1.498s] running build_py
[1.498s] copying my_turtle_controller/turtle_pose_follower.py -> /home/maxim/ros2_ws/build/my_turtle_controller/build/lib/my_turtle_controller
[1.498s] running install
[1.501s] running install_lib
[1.509s] copying /home/maxim/ros2_ws/build/my_turtle_controller/build/lib/my_turtle_controller/turtle_pose_follower.py -> /home/maxim/ros2_ws/install/my_turtle_controller/lib/python3.12/site-packages/my_turtle_controller
[1.509s] byte-compiling /home/maxim/ros2_ws/install/my_turtle_controller/lib/python3.12/site-packages/my_turtle_controller/turtle_pose_follower.py to turtle_pose_follower.cpython-312.pyc
[1.510s] running install_data
[1.510s] running install_egg_info
[1.518s] removing '/home/maxim/ros2_ws/install/my_turtle_controller/lib/python3.12/site-packages/my_turtle_controller-0.0.0-py3.12.egg-info' (and everything under it)
[1.519s] Copying ../../build/my_turtle_controller/my_turtle_controller.egg-info to /home/maxim/ros2_ws/install/my_turtle_controller/lib/python3.12/site-packages/my_turtle_controller-0.0.0-py3.12.egg-info
[1.519s] running install_scripts
[1.575s] Installing turtle_figure8 script to /home/maxim/ros2_ws/install/my_turtle_controller/lib/my_turtle_controller
[1.575s] Installing turtle_mover script to /home/maxim/ros2_ws/install/my_turtle_controller/lib/my_turtle_controller
[1.575s] Installing turtle_pose_follower script to /home/maxim/ros2_ws/install/my_turtle_controller/lib/my_turtle_controller
[1.575s] writing list of installed files to '/home/maxim/ros2_ws/build/my_turtle_controller/install.log'
[1.602s] Invoked command in '/home/maxim/ros2_ws/src/my_turtle_controller' returned '0': DEBUGINFOD_URLS=https://debuginfod.ubuntu.com PYTHONPATH=/home/maxim/ros2_ws/build/my_turtle_controller/prefix_override:/usr/lib/python3/dist-packages/colcon_core/task/python/colcon_distutils_commands:/home/maxim/ros2_ws/install/my_turtle_controller/lib/python3.12/site-packages:${PYTHONPATH} /usr/bin/python3 -W ignore:setup.py install is deprecated -W ignore:easy_install command is deprecated setup.py egg_info --egg-base ../../build/my_turtle_controller build --build-base /home/maxim/ros2_ws/build/my_turtle_controller/build install --record /home/maxim/ros2_ws/build/my_turtle_controller/install.log --single-version-externally-managed install_data
